#
# A fatal error has been detected by the Java Runtime Environment:
#
#  SIGSEGV (0xb) at pc=0x00007f177d0697ba, pid=8129, tid=0x00007f1749738700
#
# JRE version: OpenJDK Runtime Environment (8.0_112-b21) (build 1.8.0_112-release-736-b21)
# Java VM: OpenJDK 64-Bit Server VM (25.112-b21 mixed mode linux-amd64 compressed oops)
# Problematic frame:
# v  ~BufferBlob::jni_fast_GetLongField
#
# Failed to write core dump. Core dumps have been disabled. To enable core dumping, try "ulimit -c unlimited" before starting Java again
#
# If you would like to submit a bug report, please visit:
#   http://bugreport.java.com/bugreport/crash.jsp
# The crash happened outside the Java Virtual Machine in native code.
# See problematic frame for where to report the bug.
#

---------------  T H R E A D  ---------------

Current thread (0x00007f178c89e000):  JavaThread "AWT-XAWT" daemon [_thread_in_native, id=8145, stack(0x00007f1749638000,0x00007f1749739000)]

siginfo: si_signo: 11 (SIGSEGV), si_code: 1 (SEGV_MAPERR), si_addr: 0x0000000000000000

Registers:
RAX=0x00007f1792c0a980, RBX=0x00007f178c89e1e0, RCX=0x00007f17936612c0, RDX=0x0000000000000042
RSP=0x00007f17497375f8, RBP=0x00007f1749737620, RSI=0x0000000000000000, RDI=0x00007f178c89e1e0
R8 =0x00000000de4d5718, R9 =0x0000000000000000, R10=0x0000000000000f5e, R11=0x00007f177dc9ee98
R12=0x00007f176cba0180, R13=0x0000000000000000, R14=0x00007f174bd2cec0, R15=0x00007f178c89e000
RIP=0x00007f177d0697ba, EFLAGS=0x0000000000010246, CSGSFS=0x0000000000000033, ERR=0x0000000000000004
  TRAPNO=0x000000000000000e

Top of Stack: (sp=0x00007f17497375f8)
0x00007f17497375f8:   00007f174bb0a211 00007f1775fff9f0
0x00007f1749737608:   00007f176cba0180 00007f17497376d0
0x00007f1749737618:   00007f17497376a0 0000000000000000
0x00007f1749737628:   00007f174b5eb420 00007f1775fff9f0
0x00007f1749737638:   00007f1749737660 0000000000000000
0x00007f1749737648:   00007f174b5e2ff3 00007f17497376d0
0x00007f1749737658:   00007f174bb0355f 00007f17497376b0
0x00007f1749737668:   00007f177dc9ef36 0000000000000000
0x00007f1749737678:   00007f177d280bb6 00007f17497376d0
0x00007f1749737688:   00007f177d1629ac 00007f1749737730
0x00007f1749737698:   00000000d2a872d8 00000000db97d928
0x00007f17497376a8:   00000000dbaf3458 00007f1749737730
0x00007f17497376b8:   00007f177d0077d0 00007f1749737730
0x00007f17497376c8:   00007f177d0077d0 0000000000000000
0x00007f17497376d8:   00007f177d007b10 00007f1738002e20
0x00007f17497376e8:   00000000dc28d0e0 00007f17497376f0
0x00007f17497376f8:   00007f1775fdf034 00007f1749737778
0x00007f1749737708:   00007f1775fe8008 0000000000000000
0x00007f1749737718:   00007f1775fdf170 00007f17497376d0
0x00007f1749737728:   00007f1749737770 00007f17497377c0
0x00007f1749737738:   00007f177d007ffd 0000000000000000
0x00007f1749737748:   0000000000000000 0000000000000000
0x00007f1749737758:   0000000000000000 0000000000000000
0x00007f1749737768:   00000000dc28d0e0 0000000000000000
0x00007f1749737778:   00000000db8f2ba0 00007f1749737780
0x00007f1749737788:   00007f1775fdee75 00007f17497377d0
0x00007f1749737798:   00007f1775fe8008 0000000000000000
0x00007f17497377a8:   00007f1775fdee80 00007f1749737770
0x00007f17497377b8:   00007f17497377d0 00007f1749737818
0x00007f17497377c8:   00007f177d008042 00000000db8f2ba0
0x00007f17497377d8:   00007f17497377d8 00007f177582d8e3
0x00007f17497377e8:   00007f1749737828 00007f17758b4fa8 

Instructions: (pc=0x00007f177d0697ba)
0x00007f177d06979a:   00 00 00 00 00 00 44 8b 15 81 dd bc 15 4c 8b ce
0x00007f177d0697aa:   41 f6 c2 01 0f 85 2e 00 00 00 4d 33 ca 4d 33 ca
0x00007f177d0697ba:   4d 8b 09 4c 8b da 49 c1 eb 02 4b 8b 04 19 49 bb
0x00007f177d0697ca:   28 75 c3 92 17 7f 00 00 4c 33 d8 4c 33 d8 45 3b 

Register to memory mapping:

RAX=0x00007f1792c0a980: <offset 0xeeb980> in /home/tarena/pycharm-2017.1.5/jre64/lib/amd64/server/libjvm.so at 0x00007f1791d1f000
RBX=0x00007f178c89e1e0 is an unknown value
RCX=0x00007f17936612c0: <offset 0x2182c0> in /lib/x86_64-linux-gnu/libpthread.so.0 at 0x00007f1793449000
RDX=0x0000000000000042 is an unknown value
RSP=0x00007f17497375f8 is pointing into the stack for thread: 0x00007f178c89e000
RBP=0x00007f1749737620 is pointing into the stack for thread: 0x00007f178c89e000
RSI=0x0000000000000000 is an unknown value
RDI=0x00007f178c89e1e0 is an unknown value
R8 =0x00000000de4d5718 is an oop
java.util.logging.Logger 
 - klass: 'java/util/logging/Logger'
R9 =0x0000000000000000 is an unknown value
R10=0x0000000000000f5e is an unknown value
R11=0x00007f177dc9ee98 is at entry_point+24 in (nmethod*)0x00007f177dc9ed10
R12=0x00007f176cba0180 is an unknown value
R13=0x0000000000000000 is an unknown value
R14=0x00007f174bd2cec0: <offset 0x259ec0> in /home/tarena/pycharm-2017.1.5/jre64/lib/amd64/libawt_xawt.so at 0x00007f174bad3000
R15=0x00007f178c89e000 is a thread


Stack: [0x00007f1749638000,0x00007f1749739000],  sp=0x00007f17497375f8,  free space=1021k
Native frames: (J=compiled Java code, j=interpreted, Vv=VM code, C=native code)
v  ~BufferBlob::jni_fast_GetLongField
C  [libX11.so.6+0x64420]  _XimServerDestroy+0x70

Java frames: (J=compiled Java code, j=interpreted, Vv=VM code)
J 4944  sun.awt.X11.XlibWrapper.XFilterEvent(JJ)Z (0 bytes) @ 0x00007f177dc9eec4 [0x00007f177dc9ee80+0x44]
j  sun.awt.X11.XToolkit.run(Z)V+300
j  sun.awt.X11.XToolkit.run()V+5
j  java.lang.Thread.run()V+11
v  ~StubRoutines::call_stub

---------------  P R O C E S S  ---------------

Java Threads: ( => current thread )
  0x00007f175c004000 JavaThread "ApplicationImpl pooled thread 17" [_thread_blocked, id=9344, stack(0x00007f17256ec000,0x00007f17257ed000)]
  0x00007f176cb2d000 JavaThread "Image Fetcher 0" daemon [_thread_blocked, id=9341, stack(0x00007f17214a1000,0x00007f17215a2000)]
  0x00007f1760029000 JavaThread "XToolkt-Shutdown-Thread" [_thread_in_native, id=9340, stack(0x00007f1721fa2000,0x00007f17220a3000)]
  0x00007f1760026800 JavaThread "Thread-0" [_thread_in_native, id=9338, stack(0x00007f17213a0000,0x00007f17214a1000)]
  0x00007f1760025800 JavaThread "Shutdown tracker" [_thread_in_native, id=9337, stack(0x00007f172129f000,0x00007f17213a0000)]
  0x00007f1754003800 JavaThread "SIGTERM handler" daemon [_thread_blocked, id=9334, stack(0x00007f17240e8000,0x00007f17241e9000)]
  0x00007f1754002800 JavaThread "SIGHUP handler" daemon [_thread_blocked, id=9333, stack(0x00007f172694e000,0x00007f1726a4f000)]
  0x00007f1754001800 JavaThread "SIGTERM handler" daemon [_thread_blocked, id=9332, stack(0x00007f1724eea000,0x00007f1724feb000)]
  0x00007f1778080800 JavaThread "BaseDataReader: error stream of fsnotifier64" [_thread_in_native, id=9331, stack(0x00007f17260a0000,0x00007f17261a1000)]
  0x00007f174000b800 JavaThread "ApplicationImpl pooled thread 15" [_thread_blocked, id=9202, stack(0x00007f172684d000,0x00007f172694e000)]
  0x00007f176ce99800 JavaThread "MarlinRenderer Disposer" daemon [_thread_blocked, id=8261, stack(0x00007f17228e6000,0x00007f17229e7000)]
  0x00007f176c8a4000 JavaThread "AtSoundtrackThread" daemon [_thread_blocked, id=8244, stack(0x00007f17251eb000,0x00007f17252ec000)]
  0x00007f174c314000 JavaThread "TimerQueue" daemon [_thread_blocked, id=8179, stack(0x00007f1725d90000,0x00007f1725e91000)]
  0x00007f174cb54000 JavaThread "Netty Builtin Server 2" [_thread_in_native, id=8178, stack(0x00007f17259ed000,0x00007f1725aee000)]
  0x00007f176c6a3000 JavaThread "ProcessWaitFor: fsnotifier64" [_thread_blocked, id=8167, stack(0x00007f1726c89000,0x00007f1726d8a000)]
  0x00007f176c6a2000 JavaThread "BaseDataReader: output stream of fsnotifier64" [_thread_in_native, id=8166, stack(0x00007f1728e55000,0x00007f1728f56000)]
  0x00007f176c6a5000 JavaThread "Process I/O pool 1" [_thread_blocked, id=8165, stack(0x00007f173c039000,0x00007f173c13a000)]
  0x00007f17503d3800 JavaThread "AWT-EventQueue-0 2017.1.5#PY-171.4694.67 PyCharm, eap:false, os:Linux 4.4.0-96-generic, java-version:JetBrains s.r.o 1.8.0_112-release-736-b21" [_thread_in_native, id=8161, stack(0x00007f1727ffd000,0x00007f17280fe000)]
  0x00007f175025c000 JavaThread "AWT-Shutdown" [_thread_blocked, id=8159, stack(0x00007f1728952000,0x00007f1728a53000)]
  0x00007f1750258000 JavaThread "Periodic tasks thread" [_thread_blocked, id=8158, stack(0x00007f1728a53000,0x00007f1728b54000)]
  0x00007f17501cf000 JavaThread "Netty Builtin Server 1" [_thread_in_native, id=8155, stack(0x00007f1729477000,0x00007f1729578000)]
  0x00007f175010f800 JavaThread "process reaper" daemon [_thread_in_native, id=8154, stack(0x00007f174804f000,0x00007f1748088000)]
  0x00007f178c00a800 JavaThread "DestroyJavaVM" [_thread_blocked, id=8130, stack(0x00007f179376c000,0x00007f179386d000)]
=>0x00007f178c89e000 JavaThread "AWT-XAWT" daemon [_thread_in_native, id=8145, stack(0x00007f1749638000,0x00007f1749739000)]
  0x00007f178c884800 JavaThread "Java2D Disposer" daemon [_thread_blocked, id=8144, stack(0x00007f17740b7000,0x00007f17741b8000)]
  0x00007f178c12a800 JavaThread "Service Thread" daemon [_thread_blocked, id=8141, stack(0x00007f1774b6d000,0x00007f1774c6e000)]
  0x00007f178c115800 JavaThread "C1 CompilerThread1" daemon [_thread_blocked, id=8140, stack(0x00007f1774c6e000,0x00007f1774d6f000)]
  0x00007f178c113000 JavaThread "C2 CompilerThread0" daemon [_thread_blocked, id=8139, stack(0x00007f1774d6f000,0x00007f1774e70000)]
  0x00007f178c111000 JavaThread "Signal Dispatcher" daemon [_thread_blocked, id=8138, stack(0x00007f1774e70000,0x00007f1774f71000)]
  0x00007f178c10d000 JavaThread "Surrogate Locker Thread (Concurrent GC)" daemon [_thread_blocked, id=8137, stack(0x00007f1774f71000,0x00007f1775072000)]
  0x00007f178c0dd000 JavaThread "Finalizer" daemon [_thread_blocked, id=8136, stack(0x00007f17754fd000,0x00007f17755fe000)]
  0x00007f178c0d8800 JavaThread "Reference Handler" daemon [_thread_blocked, id=8135, stack(0x00007f17755fe000,0x00007f17756ff000)]

Other Threads:
  0x00007f178c0d1000 VMThread [stack: 0x00007f17756ff000,0x00007f1775800000] [id=8134]
  0x00007f178c12d800 WatcherThread [stack: 0x00007f1774a6c000,0x00007f1774b6d000] [id=8142]

VM state:not at safepoint (normal execution)

VM Mutex/Monitor currently owned by a thread: None

Heap:
 par new generation   total 39296K, used 26026K [0x00000000d1200000, 0x00000000d3ca0000, 0x00000000db860000)
  eden space 34944K,  73% used [0x00000000d1200000, 0x00000000d2b1d458, 0x00000000d3420000)
  from space 4352K,   7% used [0x00000000d3420000, 0x00000000d346d658, 0x00000000d3860000)
  to   space 4352K,   0% used [0x00000000d3860000, 0x00000000d3860000, 0x00000000d3ca0000)
 concurrent mark-sweep generation total 181196K, used 82029K [0x00000000db860000, 0x00000000e6953000, 0x0000000100000000)
 Metaspace       used 115566K, capacity 121092K, committed 121308K, reserved 1153024K
  class space    used 15949K, capacity 17188K, committed 17260K, reserved 1048576K

Card table byte_map: [0x00007f179023e000,0x00007f17903b6000] byte_map_base: 0x00007f178fbb5000

Marking Bits: (CMSBitMap*) 0x00007f178c049ce8
 Bits: [0x00007f177c5bd000, 0x00007f177cedb800)

Mod Union Table: (CMSBitMap*) 0x00007f178c049da8
 Bits: [0x00007f1793747000, 0x00007f179376b7a0)

Polling page: 0x00007f1793889000

CodeCache: size=245760Kb used=42745Kb max_used=42940Kb free=203014Kb
 bounds [0x00007f177d000000, 0x00007f177fa70000, 0x00007f178c000000]
 total_blobs=12754 nmethods=11819 adapters=845
 compilation: enabled

Compilation events (10 events):
Event: 2234.154 Thread 0x00007f178c115800 15876   !   3       com.intellij.util.io.PagedFileStorage$StorageLock::unmapBuffersForOwner (122 bytes)
Event: 2234.159 Thread 0x00007f178c115800 nmethod 15876 0x00007f177efa55d0 code [0x00007f177efa5860, 0x00007f177efa6a08]
Event: 2234.159 Thread 0x00007f178c115800 15879       3       com.intellij.util.containers.SLRUMap::onDropFromCache (1 bytes)
Event: 2234.159 Thread 0x00007f178c115800 nmethod 15879 0x00007f177da45f50 code [0x00007f177da460a0, 0x00007f177da461f0]
Event: 2234.159 Thread 0x00007f178c115800 15874   !   3       com.intellij.util.io.PagedFileStorage::unmapAll (66 bytes)
Event: 2234.162 Thread 0x00007f178c115800 nmethod 15874 0x00007f177dab43d0 code [0x00007f177dab4560, 0x00007f177dab4968]
Event: 2234.162 Thread 0x00007f178c115800 15875       3       com.intellij.util.io.PagedFileStorage$StorageLock::access$300 (7 bytes)
Event: 2234.163 Thread 0x00007f178c115800 nmethod 15875 0x00007f177f015610 code [0x00007f177f015780, 0x00007f177f0158e8]
Event: 2234.924 Thread 0x00007f178c115800 15880       1       jdk.internal.org.objectweb.asm.MethodWriter::visitEnd (1 bytes)
Event: 2234.924 Thread 0x00007f178c115800 nmethod 15880 0x00007f177f14dd90 code [0x00007f177f14dee0, 0x00007f177f14dff0]

GC Heap History (10 events):
Event: 1088.467 GC heap before
{Heap before GC invocations=57 (full 8):
 par new generation   total 39296K, used 35048K [0x00000000d1200000, 0x00000000d3ca0000, 0x00000000db860000)
  eden space 34944K, 100% used [0x00000000d1200000, 0x00000000d3420000, 0x00000000d3420000)
  from space 4352K,   2% used [0x00000000d3860000, 0x00000000d387a208, 0x00000000d3ca0000)
  to   space 4352K,   0% used [0x00000000d3420000, 0x00000000d3420000, 0x00000000d3860000)
 concurrent mark-sweep generation total 181196K, used 82020K [0x00000000db860000, 0x00000000e6953000, 0x0000000100000000)
 Metaspace       used 115477K, capacity 120942K, committed 121308K, reserved 1153024K
  class space    used 15945K, capacity 17183K, committed 17260K, reserved 1048576K
Event: 1088.478 GC heap after
Heap after GC invocations=58 (full 8):
 par new generation   total 39296K, used 148K [0x00000000d1200000, 0x00000000d3ca0000, 0x00000000db860000)
  eden space 34944K,   0% used [0x00000000d1200000, 0x00000000d1200000, 0x00000000d3420000)
  from space 4352K,   3% used [0x00000000d3420000, 0x00000000d34452e0, 0x00000000d3860000)
  to   space 4352K,   0% used [0x00000000d3860000, 0x00000000d3860000, 0x00000000d3ca0000)
 concurrent mark-sweep generation total 181196K, used 82020K [0x00000000db860000, 0x00000000e6953000, 0x0000000100000000)
 Metaspace       used 115477K, capacity 120942K, committed 121308K, reserved 1153024K
  class space    used 15945K, capacity 17183K, committed 17260K, reserved 1048576K
}
Event: 1333.950 GC heap before
{Heap before GC invocations=58 (full 8):
 par new generation   total 39296K, used 35092K [0x00000000d1200000, 0x00000000d3ca0000, 0x00000000db860000)
  eden space 34944K, 100% used [0x00000000d1200000, 0x00000000d3420000, 0x00000000d3420000)
  from space 4352K,   3% used [0x00000000d3420000, 0x00000000d34452e0, 0x00000000d3860000)
  to   space 4352K,   0% used [0x00000000d3860000, 0x00000000d3860000, 0x00000000d3ca0000)
 concurrent mark-sweep generation total 181196K, used 82020K [0x00000000db860000, 0x00000000e6953000, 0x0000000100000000)
 Metaspace       used 115493K, capacity 121010K, committed 121308K, reserved 1153024K
  class space    used 15945K, capacity 17183K, committed 17260K, reserved 1048576K
Event: 1333.959 GC heap after
Heap after GC invocations=59 (full 8):
 par new generation   total 39296K, used 216K [0x00000000d1200000, 0x00000000d3ca0000, 0x00000000db860000)
  eden space 34944K,   0% used [0x00000000d1200000, 0x00000000d1200000, 0x00000000d3420000)
  from space 4352K,   4% used [0x00000000d3860000, 0x00000000d3896138, 0x00000000d3ca0000)
  to   space 4352K,   0% used [0x00000000d3420000, 0x00000000d3420000, 0x00000000d3860000)
 concurrent mark-sweep generation total 181196K, used 82020K [0x00000000db860000, 0x00000000e6953000, 0x0000000100000000)
 Metaspace       used 115493K, capacity 121010K, committed 121308K, reserved 1153024K
  class space    used 15945K, capacity 17183K, committed 17260K, reserved 1048576K
}
Event: 1582.822 GC heap before
{Heap before GC invocations=59 (full 8):
 par new generation   total 39296K, used 35160K [0x00000000d1200000, 0x00000000d3ca0000, 0x00000000db860000)
  eden space 34944K, 100% used [0x00000000d1200000, 0x00000000d3420000, 0x00000000d3420000)
  from space 4352K,   4% used [0x00000000d3860000, 0x00000000d3896138, 0x00000000d3ca0000)
  to   space 4352K,   0% used [0x00000000d3420000, 0x00000000d3420000, 0x00000000d3860000)
 concurrent mark-sweep generation total 181196K, used 82020K [0x00000000db860000, 0x00000000e6953000, 0x0000000100000000)
 Metaspace       used 115495K, capacity 121010K, committed 121308K, reserved 1153024K
  class space    used 15945K, capacity 17183K, committed 17260K, reserved 1048576K
Event: 1582.825 GC heap after
Heap after GC invocations=60 (full 8):
 par new generation   total 39296K, used 219K [0x00000000d1200000, 0x00000000d3ca0000, 0x00000000db860000)
  eden space 34944K,   0% used [0x00000000d1200000, 0x00000000d1200000, 0x00000000d3420000)
  from space 4352K,   5% used [0x00000000d3420000, 0x00000000d3456e30, 0x00000000d3860000)
  to   space 4352K,   0% used [0x00000000d3860000, 0x00000000d3860000, 0x00000000d3ca0000)
 concurrent mark-sweep generation total 181196K, used 82020K [0x00000000db860000, 0x00000000e6953000, 0x0000000100000000)
 Metaspace       used 115495K, capacity 121010K, committed 121308K, reserved 1153024K
  class space    used 15945K, capacity 17183K, committed 17260K, reserved 1048576K
}
Event: 1829.330 GC heap before
{Heap before GC invocations=60 (full 8):
 par new generation   total 39296K, used 35036K [0x00000000d1200000, 0x00000000d3ca0000, 0x00000000db860000)
  eden space 34944K,  99% used [0x00000000d1200000, 0x00000000d3400210, 0x00000000d3420000)
  from space 4352K,   5% used [0x00000000d3420000, 0x00000000d3456e30, 0x00000000d3860000)
  to   space 4352K,   0% used [0x00000000d3860000, 0x00000000d3860000, 0x00000000d3ca0000)
 concurrent mark-sweep generation total 181196K, used 82020K [0x00000000db860000, 0x00000000e6953000, 0x0000000100000000)
 Metaspace       used 115504K, capacity 121010K, committed 121308K, reserved 1153024K
  class space    used 15945K, capacity 17183K, committed 17260K, reserved 1048576K
Event: 1829.338 GC heap after
Heap after GC invocations=61 (full 8):
 par new generation   total 39296K, used 222K [0x00000000d1200000, 0x00000000d3ca0000, 0x00000000db860000)
  eden space 34944K,   0% used [0x00000000d1200000, 0x00000000d1200000, 0x00000000d3420000)
  from space 4352K,   5% used [0x00000000d3860000, 0x00000000d38979a0, 0x00000000d3ca0000)
  to   space 4352K,   0% used [0x00000000d3420000, 0x00000000d3420000, 0x00000000d3860000)
 concurrent mark-sweep generation total 181196K, used 82020K [0x00000000db860000, 0x00000000e6953000, 0x0000000100000000)
 Metaspace       used 115504K, capacity 121010K, committed 121308K, reserved 1153024K
  class space    used 15945K, capacity 17183K, committed 17260K, reserved 1048576K
}
Event: 2074.767 GC heap before
{Heap before GC invocations=61 (full 8):
 par new generation   total 39296K, used 35166K [0x00000000d1200000, 0x00000000d3ca0000, 0x00000000db860000)
  eden space 34944K, 100% used [0x00000000d1200000, 0x00000000d3420000, 0x00000000d3420000)
  from space 4352K,   5% used [0x00000000d3860000, 0x00000000d38979a0, 0x00000000d3ca0000)
  to   space 4352K,   0% used [0x00000000d3420000, 0x00000000d3420000, 0x00000000d3860000)
 concurrent mark-sweep generation total 181196K, used 82020K [0x00000000db860000, 0x00000000e6953000, 0x0000000100000000)
 Metaspace       used 115506K, capacity 121010K, committed 121308K, reserved 1153024K
  class space    used 15945K, capacity 17183K, committed 17260K, reserved 1048576K
Event: 2074.776 GC heap after
Heap after GC invocations=62 (full 8):
 par new generation   total 39296K, used 309K [0x00000000d1200000, 0x00000000d3ca0000, 0x00000000db860000)
  eden space 34944K,   0% used [0x00000000d1200000, 0x00000000d1200000, 0x00000000d3420000)
  from space 4352K,   7% used [0x00000000d3420000, 0x00000000d346d658, 0x00000000d3860000)
  to   space 4352K,   0% used [0x00000000d3860000, 0x00000000d3860000, 0x00000000d3ca0000)
 concurrent mark-sweep generation total 181196K, used 82029K [0x00000000db860000, 0x00000000e6953000, 0x0000000100000000)
 Metaspace       used 115506K, capacity 121010K, committed 121308K, reserved 1153024K
  class space    used 15945K, capacity 17183K, committed 17260K, reserved 1048576K
}

Deoptimization events (10 events):
Event: 2233.999 Thread 0x00007f17503d3800 Uncommon trap: reason=unstable_if action=reinterpret pc=0x00007f177eee6de4 method=com.intellij.openapi.wm.impl.IdeMenuBar.dispatch(Ljava/awt/AWTEvent;)Z @ 45
Event: 2234.000 Thread 0x00007f17503d3800 Uncommon trap: reason=unstable_if action=reinterpret pc=0x00007f177e9517b0 method=com.intellij.openapi.wm.impl.IdeGlassPaneImpl.dispatch(Ljava/awt/AWTEvent;)Z @ 296
Event: 2234.011 Thread 0x00007f17503d3800 Uncommon trap: reason=unstable_if action=reinterpret pc=0x00007f177ebf6a34 method=java.awt.EventQueue.getPriority(Ljava/awt/AWTEvent;)I @ 71
Event: 2234.011 Thread 0x00007f17503d3800 Uncommon trap: reason=unstable_if action=reinterpret pc=0x00007f177ead2c44 method=java.awt.EventQueue.getPriority(Ljava/awt/AWTEvent;)I @ 71
Event: 2234.011 Thread 0x00007f17503d3800 Uncommon trap: reason=unstable_if action=reinterpret pc=0x00007f177ecf3ad8 method=java.awt.EventQueue.getPriority(Ljava/awt/AWTEvent;)I @ 71
Event: 2234.011 Thread 0x00007f17503d3800 Uncommon trap: reason=unstable_if action=reinterpret pc=0x00007f177f0f7768 method=com.intellij.openapi.wm.impl.ToolWindowManagerImpl.a(Ljava/awt/AWTEvent;)Z @ 24
Event: 2234.012 Thread 0x00007f17503d3800 Uncommon trap: reason=unstable_if action=reinterpret pc=0x00007f177e3b9198 method=com.intellij.ide.IdeEventQueue.fixStickyFocusedComponents(Ljava/awt/AWTEvent;)V @ 8
Event: 2234.023 Thread 0x00007f17503d3800 Uncommon trap: reason=unstable_if action=reinterpret pc=0x00007f177f5cf87c method=com.intellij.openapi.wm.IdeFocusManager.getInstance(Lcom/intellij/openapi/project/Project;)Lcom/intellij/openapi/wm/IdeFocusManager; @ 1
Event: 2234.151 Thread 0x00007f1760025800 Uncommon trap: reason=bimorphic action=maybe_recompile pc=0x00007f177e207e6c method=com.intellij.util.containers.hash.LinkedHashMap.remove(Ljava/lang/Object;)Ljava/lang/Object; @ 61
Event: 2234.155 Thread 0x00007f1760025800 Uncommon trap: reason=predicate action=maybe_recompile pc=0x00007f177e5fe618 method=com.intellij.util.containers.SLRUMap.clear()V @ 100

Internal exceptions (10 events):
Event: 151.829 Thread 0x00007f175d94b000 Implicit null exception at 0x00007f177d451c5e to 0x00007f177d451df5
Event: 152.609 Thread 0x00007f17503d3800 Exception <a 'java/lang/ArrayIndexOutOfBoundsException': 141> (0x00000000d16ed958) thrown at [/jonnyzzz/hotspot/src/share/vm/interpreter/interpreterRuntime.cpp, line 366]
Event: 152.662 Thread 0x00007f175c004000 Implicit null exception at 0x00007f177e9863d9 to 0x00007f177e987219
Event: 153.952 Thread 0x00007f175d956800 Exception <a 'java/lang/ArrayIndexOutOfBoundsException': 151> (0x00000000d277a7b8) thrown at [/jonnyzzz/hotspot/src/share/vm/interpreter/interpreterRuntime.cpp, line 366]
Event: 153.953 Thread 0x00007f175d956800 Exception <a 'sun/nio/fs/UnixException'> (0x00000000d277b928) thrown at [/jonnyzzz/hotspot/src/share/vm/prims/jni.cpp, line 709]
Event: 172.448 Thread 0x00007f176cb2d000 Implicit null exception at 0x00007f177dbc3b3c to 0x00007f177dbc3c01
Event: 172.953 Thread 0x00007f176cb2d000 Exception <a 'java/lang/NoSuchMethodError': java.lang.Object.a(I)[Lcom/jetbrains/python/psi/PyFunction;> (0x00000000d2e00190) thrown at [/jonnyzzz/hotspot/src/share/vm/interpreter/linkResolver.cpp, line 582]
Event: 175.821 Thread 0x00007f176cb2d000 Implicit null exception at 0x00007f177fa172f0 to 0x00007f177fa173f9
Event: 203.846 Thread 0x00007f175d94b000 Implicit null exception at 0x00007f177efa558c to 0x00007f177efa62e5
Event: 2233.998 Thread 0x00007f17503d3800 Implicit null exception at 0x00007f177dfa5856 to 0x00007f177dfa5bcd

Events (10 events):
Event: 2234.922 loading class com/intellij/history/core/changes/ChangeSet
Event: 2234.922 loading class com/intellij/history/core/changes/ChangeSet done
Event: 2234.922 loading class com/intellij/history/core/changes/ChangeSet
Event: 2234.922 loading class com/intellij/history/core/changes/ChangeSet done
Event: 2234.922 loading class com/intellij/util/Consumer
Event: 2234.922 loading class com/intellij/util/Consumer done
Event: 2234.924 Executing VM operation: RevokeBias
Event: 2234.924 Executing VM operation: RevokeBias done
Event: 2234.924 Executing VM operation: RevokeBias
Event: 2234.925 Executing VM operation: RevokeBias done


Dynamic libraries:
00400000-00401000 r-xp 00000000 08:01 13767067                           /home/tarena/pycharm-2017.1.5/jre64/bin/java
00600000-00601000 rw-p 00000000 08:01 13767067                           /home/tarena/pycharm-2017.1.5/jre64/bin/java
008af000-00958000 rw-p 00000000 00:00 0                                  [heap]
d1200000-d3ca0000 rw-p 00000000 00:00 0 
d3ca0000-db860000 ---p 00000000 00:00 0 
db860000-e6953000 rw-p 00000000 00:00 0 
e6953000-100000000 ---p 00000000 00:00 0 
100000000-1010db000 rw-p 00000000 00:00 0 
1010db000-140000000 ---p 00000000 00:00 0 
7f1720d03000-7f1720ec3000 rw-p 00000000 00:00 0 
7f1720ec3000-7f1720f06000 ---p 00000000 00:00 0 
7f1720f06000-7f1721004000 rw-p 00000000 00:00 0 
7f1721004000-7f1721007000 ---p 00000000 00:00 0 
7f1721007000-7f1721105000 rw-p 00000000 00:00 0 
7f172119e000-7f17211a1000 ---p 00000000 00:00 0 
7f17211a1000-7f172129f000 rw-p 00000000 00:00 0 
7f172129f000-7f17212a2000 ---p 00000000 00:00 0 
7f17212a2000-7f17213a0000 rw-p 00000000 00:00 0 
7f17213a0000-7f17213a3000 ---p 00000000 00:00 0 
7f17213a3000-7f17214a1000 rw-p 00000000 00:00 0 
7f17214a1000-7f17214a4000 ---p 00000000 00:00 0 
7f17214a4000-7f17217a2000 rw-p 00000000 00:00 0 
7f17217a2000-7f17219a2000 rw-p 00000000 00:00 0 
7f17219a2000-7f1721ba2000 rw-p 00000000 00:00 0 
7f1721ba2000-7f1721da2000 rw-p 00000000 00:00 0 
7f1721da2000-7f1721fa2000 rw-p 00000000 00:00 0 
7f1721fa2000-7f1721fa5000 ---p 00000000 00:00 0 
7f1721fa5000-7f17222a3000 rw-p 00000000 00:00 0 
7f17222a3000-7f17224a3000 rw-p 00000000 00:00 0 
7f17224a3000-7f17224e6000 rw-s 00000000 00:05 5931033                    /SYSV00000000 (deleted)
7f17224e6000-7f17226e6000 rw-p 00000000 00:00 0 
7f17226e6000-7f17228e6000 rw-p 00000000 00:00 0 
7f17228e6000-7f17228e9000 ---p 00000000 00:00 0 
7f17228e9000-7f1722be7000 rw-p 00000000 00:00 0 
7f1722be7000-7f1722de7000 rw-p 00000000 00:00 0 
7f1722de7000-7f1722fe7000 rw-p 00000000 00:00 0 
7f1722fe7000-7f1722fea000 ---p 00000000 00:00 0 
7f1722fea000-7f17232e8000 rw-p 00000000 00:00 0 
7f17232e8000-7f17234e8000 rw-p 00000000 00:00 0 
7f17234e8000-7f17236e8000 rw-p 00000000 00:00 0 
7f17236e8000-7f17238e8000 rw-p 00000000 00:00 0 
7f17238e8000-7f1723ae8000 rw-p 00000000 00:00 0 
7f1723ae8000-7f1723ce8000 rw-p 00000000 00:00 0 
7f1723ce8000-7f1723ee8000 rw-p 00000000 00:00 0 
7f1723ee8000-7f17240e8000 rw-p 00000000 00:00 0 
7f17240e8000-7f17240eb000 ---p 00000000 00:00 0 
7f17240eb000-7f17243e9000 rw-p 00000000 00:00 0 
7f17243e9000-7f17243ec000 ---p 00000000 00:00 0 
7f17243ec000-7f17246ea000 rw-p 00000000 00:00 0 
7f17246ea000-7f17248ea000 rw-p 00000000 00:00 0 
7f17248ea000-7f1724aea000 rw-p 00000000 00:00 0 
7f1724aea000-7f1724cea000 rw-p 00000000 00:00 0 
7f1724cea000-7f1724eea000 rw-p 00000000 00:00 0 
7f1724eea000-7f1724eed000 ---p 00000000 00:00 0 
7f1724eed000-7f17251dd000 rw-p 00000000 00:00 0 
7f17251dd000-7f17251eb000 ---p 00000000 00:00 0 
7f17251eb000-7f17251ee000 ---p 00000000 00:00 0 
7f17251ee000-7f17254ec000 rw-p 00000000 00:00 0 
7f17254ec000-7f17256de000 rw-p 00000000 00:00 0 
7f17256de000-7f17256ec000 ---p 00000000 00:00 0 
7f17256ec000-7f17256ef000 ---p 00000000 00:00 0 
7f17256ef000-7f17259ed000 rw-p 00000000 00:00 0 
7f17259ed000-7f17259f0000 ---p 00000000 00:00 0 
7f17259f0000-7f1725cee000 rw-p 00000000 00:00 0 
7f1725d7e000-7f1725d81000 r--s 0002f000 08:01 657435                     /home/tarena/pycharm-2017.1.5/plugins/concurrency-visualiser/lib/concurrency-visualiser.jar
7f1725d90000-7f1725d93000 ---p 00000000 00:00 0 
7f1725d93000-7f1726091000 rw-p 00000000 00:00 0 
7f17260a0000-7f17260a3000 ---p 00000000 00:00 0 
7f17260a3000-7f17263a1000 rw-p 00000000 00:00 0 
7f17263a1000-7f17265a1000 rw-p 00000000 00:00 0 
7f17265a1000-7f17265a4000 ---p 00000000 00:00 0 
7f17265a4000-7f17266a2000 rw-p 00000000 00:00 0 
7f172674c000-7f172674f000 ---p 00000000 00:00 0 
7f172674f000-7f172684d000 rw-p 00000000 00:00 0 
7f172684d000-7f1726850000 ---p 00000000 00:00 0 
7f1726850000-7f172694e000 rw-p 00000000 00:00 0 
7f172694e000-7f1726951000 ---p 00000000 00:00 0 
7f1726951000-7f1726a4f000 rw-p 00000000 00:00 0 
7f1726a4f000-7f1726a50000 rwxp 00000000 00:00 0 
7f1726a50000-7f1726a53000 ---p 00000000 00:00 0 
7f1726a53000-7f1726c89000 rw-p 00000000 00:00 0 
7f1726c89000-7f1726c8c000 ---p 00000000 00:00 0 
7f1726c8c000-7f1726d8a000 rw-p 00000000 00:00 0 
7f1726ff8000-7f1726ffb000 r--s 00035000 08:01 657653                     /home/tarena/pycharm-2017.1.5/plugins/terminal/lib/terminal.jar
7f1727034000-7f172703b000 r--s 000eb000 08:01 657222                     /home/tarena/pycharm-2017.1.5/plugins/AngularJS/lib/AngularJS.jar
7f172720b000-7f172729d000 r--s 016ea000 08:01 657419                     /home/tarena/pycharm-2017.1.5/plugins/JavaScriptLanguage/lib/JavaScriptLanguage.jar
7f172729d000-7f172749d000 rw-p 00000000 00:00 0 
7f172749d000-7f172749e000 r-xp 00000000 08:01 13370546                   /home/tarena/pycharm-2017.1.5/jre64/lib/amd64/libjawt.so
7f172749e000-7f172769d000 ---p 00001000 08:01 13370546                   /home/tarena/pycharm-2017.1.5/jre64/lib/amd64/libjawt.so
7f172769d000-7f172769e000 rw-p 00000000 08:01 13370546                   /home/tarena/pycharm-2017.1.5/jre64/lib/amd64/libjawt.so
7f172769e000-7f172789e000 rw-p 00000000 00:00 0 
7f1727998000-7f1727b98000 rw-p 00000000 00:00 0 
7f1727b98000-7f1727bf9000 r-xp 00000000 08:01 13370565                   /home/tarena/pycharm-2017.1.5/jre64/lib/amd64/libsplashscreen.so
7f1727bf9000-7f1727df9000 ---p 00061000 08:01 13370565                   /home/tarena/pycharm-2017.1.5/jre64/lib/amd64/libsplashscreen.so
7f1727df9000-7f1727dfa000 rw-p 00061000 08:01 13370565                   /home/tarena/pycharm-2017.1.5/jre64/lib/amd64/libsplashscreen.so
7f1727dfa000-7f1727ffd000 rw-p 00000000 00:00 0 
7f1727ffd000-7f1728000000 ---p 00000000 00:00 0 
7f1728000000-7f17280fe000 rw-p 00000000 00:00 0 
7f17280fe000-7f1728103000 r-xp 00000000 08:01 12059518                   /lib/x86_64-linux-gnu/libnss_dns-2.23.so
7f1728103000-7f1728303000 ---p 00005000 08:01 12059518                   /lib/x86_64-linux-gnu/libnss_dns-2.23.so
7f1728303000-7f1728304000 r--p 00005000 08:01 12059518                   /lib/x86_64-linux-gnu/libnss_dns-2.23.so
7f1728304000-7f1728305000 rw-p 00006000 08:01 12059518                   /lib/x86_64-linux-gnu/libnss_dns-2.23.so
7f1728305000-7f1728307000 r-xp 00000000 08:01 12063241                   /lib/x86_64-linux-gnu/libnss_mdns4_minimal.so.2
7f1728307000-7f1728506000 ---p 00002000 08:01 12063241                   /lib/x86_64-linux-gnu/libnss_mdns4_minimal.so.2
7f1728506000-7f1728507000 r--p 00001000 08:01 12063241                   /lib/x86_64-linux-gnu/libnss_mdns4_minimal.so.2
7f1728507000-7f1728508000 rw-p 00002000 08:01 12063241                   /lib/x86_64-linux-gnu/libnss_mdns4_minimal.so.2
7f1728508000-7f1728708000 rw-p 00000000 00:00 0 
7f1728708000-7f172873b000 r-xp 00000000 08:01 13370566                   /home/tarena/pycharm-2017.1.5/jre64/lib/amd64/libsunec.so
7f172873b000-7f172893b000 ---p 00033000 08:01 13370566                   /home/tarena/pycharm-2017.1.5/jre64/lib/amd64/libsunec.so
7f172893b000-7f1728941000 rw-p 00033000 08:01 13370566                   /home/tarena/pycharm-2017.1.5/jre64/lib/amd64/libsunec.so
7f1728941000-7f1728952000 rw-p 00000000 00:00 0 
7f1728952000-7f1728955000 ---p 00000000 00:00 0 
7f1728955000-7f1728a53000 rw-p 00000000 00:00 0 
7f1728a53000-7f1728a56000 ---p 00000000 00:00 0 
7f1728a56000-7f1728b54000 rw-p 00000000 00:00 0 
7f1728b54000-7f1728b57000 ---p 00000000 00:00 0 
7f1728b57000-7f1728e4d000 rw-p 00000000 00:00 0 
7f1728e4d000-7f1728e55000 ---p 00000000 00:00 0 
7f1728e55000-7f1728e58000 ---p 00000000 00:00 0 
7f1728e58000-7f1728f56000 rw-p 00000000 00:00 0 
7f1728f56000-7f1728f6d000 r-xp 00000000 08:01 657752                     /home/tarena/.PyCharm2017.1/system/tmp/jna1600423860681302500.tmp (deleted)
7f1728f6d000-7f172906c000 ---p 00017000 08:01 657752                     /home/tarena/.PyCharm2017.1/system/tmp/jna1600423860681302500.tmp (deleted)
7f172906c000-7f172906e000 rw-p 00016000 08:01 657752                     /home/tarena/.PyCharm2017.1/system/tmp/jna1600423860681302500.tmp (deleted)
7f172906e000-7f1729077000 r-xp 00000000 08:01 13370556                   /home/tarena/pycharm-2017.1.5/jre64/lib/amd64/libmanagement.so
7f1729077000-7f1729276000 ---p 00009000 08:01 13370556                   /home/tarena/pycharm-2017.1.5/jre64/lib/amd64/libmanagement.so
7f1729276000-7f1729277000 rw-p 00008000 08:01 13370556                   /home/tarena/pycharm-2017.1.5/jre64/lib/amd64/libmanagement.so
7f1729277000-7f1729477000 rw-p 00000000 00:00 0 
7f1729477000-7f172947a000 ---p 00000000 00:00 0 
7f172947a000-7f1729778000 rw-p 00000000 00:00 0 
7f1729778000-7f1729978000 rw-p 00000000 00:00 0 
7f1729978000-7f173071e000 r--p 00000000 08:01 8915602                    /usr/share/fonts/opentype/noto/NotoSansCJK.ttc
7f173071e000-7f173071f000 ---p 00000000 00:00 0 
7f173071f000-7f1730f1f000 rw-p 00000000 00:00 0 
7f1730f1f000-7f1730f55000 r-xp 00000000 08:01 8128229                    /usr/lib/x86_64-linux-gnu/gvfs/libgvfscommon.so
7f1730f55000-7f1731155000 ---p 00036000 08:01 8128229                    /usr/lib/x86_64-linux-gnu/gvfs/libgvfscommon.so
7f1731155000-7f173115a000 r--p 00036000 08:01 8128229                    /usr/lib/x86_64-linux-gnu/gvfs/libgvfscommon.so
7f173115a000-7f173115b000 rw-p 0003b000 08:01 8128229                    /usr/lib/x86_64-linux-gnu/gvfs/libgvfscommon.so
7f173115b000-7f173118b000 r-xp 00000000 08:01 8258910                    /usr/lib/x86_64-linux-gnu/gio/modules/libgvfsdbus.so
7f173118b000-7f173138b000 ---p 00030000 08:01 8258910                    /usr/lib/x86_64-linux-gnu/gio/modules/libgvfsdbus.so
7f173138b000-7f173138c000 r--p 00030000 08:01 8258910                    /usr/lib/x86_64-linux-gnu/gio/modules/libgvfsdbus.so
7f173138c000-7f173138e000 rw-p 00031000 08:01 8258910                    /usr/lib/x86_64-linux-gnu/gio/modules/libgvfsdbus.so
7f173138e000-7f17313a0000 r-xp 00000000 08:01 12063180                   /lib/x86_64-linux-gnu/libgpg-error.so.0.17.0
7f17313a0000-7f17315a0000 ---p 00012000 08:01 12063180                   /lib/x86_64-linux-gnu/libgpg-error.so.0.17.0
7f17315a0000-7f17315a1000 r--p 00012000 08:01 12063180                   /lib/x86_64-linux-gnu/libgpg-error.so.0.17.0
7f17315a1000-7f17315a2000 rw-p 00013000 08:01 12063180                   /lib/x86_64-linux-gnu/libgpg-error.so.0.17.0
7f17315a2000-7f1731679000 r-xp 00000000 08:01 12059536                   /lib/x86_64-linux-gnu/libgcrypt.so.20.0.5
7f1731679000-7f1731879000 ---p 000d7000 08:01 12059536                   /lib/x86_64-linux-gnu/libgcrypt.so.20.0.5
7f1731879000-7f173187a000 r--p 000d7000 08:01 12059536                   /lib/x86_64-linux-gnu/libgcrypt.so.20.0.5
7f173187a000-7f1731882000 rw-p 000d8000 08:01 12059536                   /lib/x86_64-linux-gnu/libgcrypt.so.20.0.5
7f1731882000-7f1731883000 rw-p 00000000 00:00 0 
7f1731883000-7f17318a4000 r-xp 00000000 08:01 12063203                   /lib/x86_64-linux-gnu/liblzma.so.5.0.0
7f17318a4000-7f1731aa3000 ---p 00021000 08:01 12063203                   /lib/x86_64-linux-gnu/liblzma.so.5.0.0
7f1731aa3000-7f1731aa4000 r--p 00020000 08:01 12063203                   /lib/x86_64-linux-gnu/liblzma.so.5.0.0
7f1731aa4000-7f1731aa5000 rw-p 00021000 08:01 12063203                   /lib/x86_64-linux-gnu/liblzma.so.5.0.0
7f1731aa5000-7f1731aef000 r-xp 00000000 08:01 12059542                   /lib/x86_64-linux-gnu/libdbus-1.so.3.14.6
7f1731aef000-7f1731cef000 ---p 0004a000 08:01 12059542                   /lib/x86_64-linux-gnu/libdbus-1.so.3.14.6
7f1731cef000-7f1731cf0000 r--p 0004a000 08:01 12059542                   /lib/x86_64-linux-gnu/libdbus-1.so.3.14.6
7f1731cf0000-7f1731cf1000 rw-p 0004b000 08:01 12059542                   /lib/x86_64-linux-gnu/libdbus-1.so.3.14.6
7f1731cf1000-7f1731d04000 r-xp 00000000 08:01 7869164                    /usr/lib/x86_64-linux-gnu/libfcitx-utils.so.0.1
7f1731d04000-7f1731f03000 ---p 00013000 08:01 7869164                    /usr/lib/x86_64-linux-gnu/libfcitx-utils.so.0.1
7f1731f03000-7f1731f04000 r--p 00012000 08:01 7869164                    /usr/lib/x86_64-linux-gnu/libfcitx-utils.so.0.1
7f1731f04000-7f1731f05000 rw-p 00013000 08:01 7869164                    /usr/lib/x86_64-linux-gnu/libfcitx-utils.so.0.1
7f1731f05000-7f1731f10000 r-xp 00000000 08:01 7869175                    /usr/lib/x86_64-linux-gnu/libfcitx-gclient.so.0.1
7f1731f10000-7f1732110000 ---p 0000b000 08:01 7869175                    /usr/lib/x86_64-linux-gnu/libfcitx-gclient.so.0.1
7f1732110000-7f1732111000 r--p 0000b000 08:01 7869175                    /usr/lib/x86_64-linux-gnu/libfcitx-gclient.so.0.1
7f1732111000-7f1732112000 rw-p 0000c000 08:01 7869175                    /usr/lib/x86_64-linux-gnu/libfcitx-gclient.so.0.1
7f1732112000-7f173214f000 r-xp 00000000 08:01 7870431                    /usr/lib/x86_64-linux-gnu/libxkbcommon.so.0.0.0
7f173214f000-7f173234e000 ---p 0003d000 08:01 7870431                    /usr/lib/x86_64-linux-gnu/libxkbcommon.so.0.0.0
7f173234e000-7f1732350000 r--p 0003c000 08:01 7870431                    /usr/lib/x86_64-linux-gnu/libxkbcommon.so.0.0.0
7f1732350000-7f1732351000 rw-p 0003e000 08:01 7870431                    /usr/lib/x86_64-linux-gnu/libxkbcommon.so.0.0.0
7f1732351000-7f1732358000 r-xp 00000000 08:01 8257613                    /usr/lib/x86_64-linux-gnu/gtk-2.0/2.10.0/immodules/im-fcitx.so
7f1732358000-7f1732557000 ---p 00007000 08:01 8257613                    /usr/lib/x86_64-linux-gnu/gtk-2.0/2.10.0/immodules/im-fcitx.so
7f1732557000-7f1732558000 r--p 00006000 08:01 8257613                    /usr/lib/x86_64-linux-gnu/gtk-2.0/2.10.0/immodules/im-fcitx.so
7f1732558000-7f1732559000 rw-p 00007000 08:01 8257613                    /usr/lib/x86_64-linux-gnu/gtk-2.0/2.10.0/immodules/im-fcitx.so
7f1732559000-7f173256a000 r-xp 00000000 08:01 13370559                   /home/tarena/pycharm-2017.1.5/jre64/lib/amd64/libnio.so
7f173256a000-7f173276a000 ---p 00011000 08:01 13370559                   /home/tarena/pycharm-2017.1.5/jre64/lib/amd64/libnio.so
7f173276a000-7f173276b000 rw-p 00011000 08:01 13370559                   /home/tarena/pycharm-2017.1.5/jre64/lib/amd64/libnio.so
7f173276b000-7f173576c000 rw-p 00000000 00:00 0 
7f173576c000-7f1735783000 r-xp 00000000 08:01 13370558                   /home/tarena/pycharm-2017.1.5/jre64/lib/amd64/libnet.so
7f1735783000-7f1735982000 ---p 00017000 08:01 13370558                   /home/tarena/pycharm-2017.1.5/jre64/lib/amd64/libnet.so
7f1735982000-7f1735983000 rw-p 00016000 08:01 13370558                   /home/tarena/pycharm-2017.1.5/jre64/lib/amd64/libnet.so
7f1735983000-7f1735984000 ---p 00000000 00:00 0 
7f1735984000-7f1736184000 rw-p 00000000 00:00 0 
7f1736184000-7f1736185000 ---p 00000000 00:00 0 
7f1736185000-7f1736985000 rw-p 00000000 00:00 0 
7f1736985000-7f1736986000 ---p 00000000 00:00 0 
7f1736986000-7f1737186000 rw-p 00000000 00:00 0 
7f1737186000-7f1737191000 r-xp 00000000 08:01 8257594                    /usr/lib/x86_64-linux-gnu/gio/modules/libdconfsettings.so
7f1737191000-7f1737391000 ---p 0000b000 08:01 8257594                    /usr/lib/x86_64-linux-gnu/gio/modules/libdconfsettings.so
7f1737391000-7f1737392000 r--p 0000b000 08:01 8257594                    /usr/lib/x86_64-linux-gnu/gio/modules/libdconfsettings.so
7f1737392000-7f1737393000 rw-p 0000c000 08:01 8257594                    /usr/lib/x86_64-linux-gnu/gio/modules/libdconfsettings.so
7f1737393000-7f173739a000 r-xp 00000000 08:01 7873357                    /usr/lib/x86_64-linux-gnu/libogg.so.0.8.2
7f173739a000-7f173759a000 ---p 00007000 08:01 7873357                    /usr/lib/x86_64-linux-gnu/libogg.so.0.8.2
7f173759a000-7f173759b000 r--p 00007000 08:01 7873357                    /usr/lib/x86_64-linux-gnu/libogg.so.0.8.2
7f173759b000-7f173759c000 rw-p 00008000 08:01 7873357                    /usr/lib/x86_64-linux-gnu/libogg.so.0.8.2
7f173759c000-7f17375c6000 r-xp 00000000 08:01 7869038                    /usr/lib/x86_64-linux-gnu/libvorbis.so.0.4.8
7f17375c6000-7f17377c5000 ---p 0002a000 08:01 7869038                    /usr/lib/x86_64-linux-gnu/libvorbis.so.0.4.8
7f17377c5000-7f17377c6000 r--p 00029000 08:01 7869038                    /usr/lib/x86_64-linux-gnu/libvorbis.so.0.4.8
7f17377c6000-7f17377c7000 rw-p 0002a000 08:01 7869038                    /usr/lib/x86_64-linux-gnu/libvorbis.so.0.4.8
7f17377c7000-7f17377d0000 r-xp 00000000 08:01 7873224                    /usr/lib/x86_64-linux-gnu/libltdl.so.7.3.1
7f17377d0000-7f17379cf000 ---p 00009000 08:01 7873224                    /usr/lib/x86_64-linux-gnu/libltdl.so.7.3.1
7f17379cf000-7f17379d0000 r--p 00008000 08:01 7873224                    /usr/lib/x86_64-linux-gnu/libltdl.so.7.3.1
7f17379d0000-7f17379d1000 rw-p 00009000 08:01 7873224                    /usr/lib/x86_64-linux-gnu/libltdl.so.7.3.1
7f17379d1000-7f17379e5000 r-xp 00000000 08:01 7873599                    /usr/lib/x86_64-linux-gnu/libtdb.so.1.3.8
7f17379e5000-7f1737be4000 ---p 00014000 08:01 7873599                    /usr/lib/x86_64-linux-gnu/libtdb.so.1.3.8
7f1737be4000-7f1737be5000 r--p 00013000 08:01 7873599                    /usr/lib/x86_64-linux-gnu/libtdb.so.1.3.8
7f1737be5000-7f1737be6000 rw-p 00014000 08:01 7873599                    /usr/lib/x86_64-linux-gnu/libtdb.so.1.3.8
7f1737be6000-7f1737bed000 r-xp 00000000 08:01 7864634                    /usr/lib/x86_64-linux-gnu/libvorbisfile.so.3.3.7
7f1737bed000-7f1737ded000 ---p 00007000 08:01 7864634                    /usr/lib/x86_64-linux-gnu/libvorbisfile.so.3.3.7
7f1737ded000-7f1737dee000 r--p 00007000 08:01 7864634                    /usr/lib/x86_64-linux-gnu/libvorbisfile.so.3.3.7
7f1737dee000-7f1737def000 rw-p 00008000 08:01 7864634                    /usr/lib/x86_64-linux-gnu/libvorbisfile.so.3.3.7
7f1737def000-7f1737dff000 r-xp 00000000 08:01 7872619                    /usr/lib/x86_64-linux-gnu/libcanberra.so.0.2.5
7f1737dff000-7f1737ffe000 ---p 00010000 08:01 7872619                    /usr/lib/x86_64-linux-gnu/libcanberra.so.0.2.5
7f1737ffe000-7f1737fff000 r--p 0000f000 08:01 7872619                    /usr/lib/x86_64-linux-gnu/libcanberra.so.0.2.5
7f1737fff000-7f1738000000 rw-p 00010000 08:01 7872619                    /usr/lib/x86_64-linux-gnu/libcanberra.so.0.2.5
7f1738000000-7f1738289000 rw-p 00000000 00:00 0 
7f1738289000-7f173c000000 ---p 00000000 00:00 0 
7f173c039000-7f173c03c000 ---p 00000000 00:00 0 
7f173c03c000-7f173c13a000 rw-p 00000000 00:00 0 
7f173c13a000-7f173c1ba000 r-xp 00000000 08:01 12059554                   /lib/x86_64-linux-gnu/libsystemd.so.0.14.0
7f173c1ba000-7f173c1bd000 r--p 0007f000 08:01 12059554                   /lib/x86_64-linux-gnu/libsystemd.so.0.14.0
7f173c1bd000-7f173c1be000 rw-p 00082000 08:01 12059554                   /lib/x86_64-linux-gnu/libsystemd.so.0.14.0
7f173c1be000-7f173c1bf000 rw-p 00000000 00:00 0 
7f173c1bf000-7f173c1c3000 r-xp 00000000 08:01 7872615                    /usr/lib/x86_64-linux-gnu/libcanberra-gtk.so.0.1.9
7f173c1c3000-7f173c3c2000 ---p 00004000 08:01 7872615                    /usr/lib/x86_64-linux-gnu/libcanberra-gtk.so.0.1.9
7f173c3c2000-7f173c3c3000 r--p 00003000 08:01 7872615                    /usr/lib/x86_64-linux-gnu/libcanberra-gtk.so.0.1.9
7f173c3c3000-7f173c3c4000 rw-p 00004000 08:01 7872615                    /usr/lib/x86_64-linux-gnu/libcanberra-gtk.so.0.1.9
7f173c3c4000-7f173c3c9000 r-xp 00000000 08:01 8257628                    /usr/lib/x86_64-linux-gnu/gtk-2.0/modules/libcanberra-gtk-module.so
7f173c3c9000-7f173c5c8000 ---p 00005000 08:01 8257628                    /usr/lib/x86_64-linux-gnu/gtk-2.0/modules/libcanberra-gtk-module.so
7f173c5c8000-7f173c5c9000 r--p 00004000 08:01 8257628                    /usr/lib/x86_64-linux-gnu/gtk-2.0/modules/libcanberra-gtk-module.so
7f173c5c9000-7f173c5ca000 rw-p 00005000 08:01 8257628                    /usr/lib/x86_64-linux-gnu/gtk-2.0/modules/libcanberra-gtk-module.so
7f173c5ca000-7f173c5f9000 r-xp 00000000 08:01 8257609                    /usr/lib/x86_64-linux-gnu/gtk-2.0/2.10.0/engines/libmurrine.so
7f173c5f9000-7f173c7f9000 ---p 0002f000 08:01 8257609                    /usr/lib/x86_64-linux-gnu/gtk-2.0/2.10.0/engines/libmurrine.so
7f173c7f9000-7f173c7fa000 r--p 0002f000 08:01 8257609                    /usr/lib/x86_64-linux-gnu/gtk-2.0/2.10.0/engines/libmurrine.so
7f173c7fa000-7f173c7fb000 rw-p 00030000 08:01 8257609                    /usr/lib/x86_64-linux-gnu/gtk-2.0/2.10.0/engines/libmurrine.so
7f173c7fb000-7f173c80c000 r-xp 00000000 08:01 8257631                    /usr/lib/x86_64-linux-gnu/gtk-2.0/modules/liboverlay-scrollbar.so
7f173c80c000-7f173ca0c000 ---p 00011000 08:01 8257631                    /usr/lib/x86_64-linux-gnu/gtk-2.0/modules/liboverlay-scrollbar.so
7f173ca0c000-7f173ca0d000 r--p 00011000 08:01 8257631                    /usr/lib/x86_64-linux-gnu/gtk-2.0/modules/liboverlay-scrollbar.so
7f173ca0d000-7f173ca0e000 rw-p 00012000 08:01 8257631                    /usr/lib/x86_64-linux-gnu/gtk-2.0/modules/liboverlay-scrollbar.so
7f173ca0e000-7f173ca0f000 r-xp 00000000 08:01 7866727                    /usr/lib/x86_64-linux-gnu/libgthread-2.0.so.0.4800.2
7f173ca0f000-7f173cc0e000 ---p 00001000 08:01 7866727                    /usr/lib/x86_64-linux-gnu/libgthread-2.0.so.0.4800.2
7f173cc0e000-7f173cc0f000 r--p 00000000 08:01 7866727                    /usr/lib/x86_64-linux-gnu/libgthread-2.0.so.0.4800.2
7f173cc0f000-7f173cc10000 rw-p 00001000 08:01 7866727                    /usr/lib/x86_64-linux-gnu/libgthread-2.0.so.0.4800.2
7f173cc10000-7f173cc16000 r-xp 00000000 08:01 7872702                    /usr/lib/x86_64-linux-gnu/libdatrie.so.1.3.3
7f173cc16000-7f173ce16000 ---p 00006000 08:01 7872702                    /usr/lib/x86_64-linux-gnu/libdatrie.so.1.3.3
7f173ce16000-7f173ce17000 r--p 00006000 08:01 7872702                    /usr/lib/x86_64-linux-gnu/libdatrie.so.1.3.3
7f173ce17000-7f173ce18000 rw-p 00007000 08:01 7872702                    /usr/lib/x86_64-linux-gnu/libdatrie.so.1.3.3
7f173ce18000-7f173ce3c000 r-xp 00000000 08:01 7870104                    /usr/lib/x86_64-linux-gnu/libgraphite2.so.3.0.1
7f173ce3c000-7f173d03b000 ---p 00024000 08:01 7870104                    /usr/lib/x86_64-linux-gnu/libgraphite2.so.3.0.1
7f173d03b000-7f173d03d000 r--p 00023000 08:01 7870104                    /usr/lib/x86_64-linux-gnu/libgraphite2.so.3.0.1
7f173d03d000-7f173d03e000 rw-p 00025000 08:01 7870104                    /usr/lib/x86_64-linux-gnu/libgraphite2.so.3.0.1
7f173d03e000-7f173d064000 r-xp 00000000 08:01 12059550                   /lib/x86_64-linux-gnu/libexpat.so.1.6.0
7f173d064000-7f173d264000 ---p 00026000 08:01 12059550                   /lib/x86_64-linux-gnu/libexpat.so.1.6.0
7f173d264000-7f173d266000 r--p 00026000 08:01 12059550                   /lib/x86_64-linux-gnu/libexpat.so.1.6.0
7f173d266000-7f173d267000 rw-p 00028000 08:01 12059550                   /lib/x86_64-linux-gnu/libexpat.so.1.6.0
7f173d267000-7f173d2d5000 r-xp 00000000 08:01 12063265                   /lib/x86_64-linux-gnu/libpcre.so.3.13.2
7f173d2d5000-7f173d4d5000 ---p 0006e000 08:01 12063265                   /lib/x86_64-linux-gnu/libpcre.so.3.13.2
7f173d4d5000-7f173d4d6000 r--p 0006e000 08:01 12063265                   /lib/x86_64-linux-gnu/libpcre.so.3.13.2
7f173d4d6000-7f173d4d7000 rw-p 0006f000 08:01 12063265                   /lib/x86_64-linux-gnu/libpcre.so.3.13.2
7f173d4d7000-7f173d4de000 r-xp 00000000 08:01 7872833                    /usr/lib/x86_64-linux-gnu/libffi.so.6.0.4
7f173d4de000-7f173d6dd000 ---p 00007000 08:01 7872833                    /usr/lib/x86_64-linux-gnu/libffi.so.6.0.4
7f173d6dd000-7f173d6de000 r--p 00006000 08:01 7872833                    /usr/lib/x86_64-linux-gnu/libffi.so.6.0.4
7f173d6de000-7f173d6df000 rw-p 00007000 08:01 7872833                    /usr/lib/x86_64-linux-gnu/libffi.so.6.0.4
7f173d6df000-7f173d6e7000 r-xp 00000000 08:01 7873607                    /usr/lib/x86_64-linux-gnu/libthai.so.0.2.4
7f173d6e7000-7f173d8e6000 ---p 00008000 08:01 7873607                    /usr/lib/x86_64-linux-gnu/libthai.so.0.2.4
7f173d8e6000-7f173d8e7000 r--p 00007000 08:01 7873607                    /usr/lib/x86_64-linux-gnu/libthai.so.0.2.4
7f173d8e7000-7f173d8e8000 rw-p 00008000 08:01 7873607                    /usr/lib/x86_64-linux-gnu/libthai.so.0.2.4
7f173d8e8000-7f173d944000 r-xp 00000000 08:01 7870107                    /usr/lib/x86_64-linux-gnu/libharfbuzz.so.0.10000.1
7f173d944000-7f173db44000 ---p 0005c000 08:01 7870107                    /usr/lib/x86_64-linux-gnu/libharfbuzz.so.0.10000.1
7f173db44000-7f173db45000 r--p 0005c000 08:01 7870107                    /usr/lib/x86_64-linux-gnu/libharfbuzz.so.0.10000.1
7f173db45000-7f173db46000 rw-p 0005d000 08:01 7870107                    /usr/lib/x86_64-linux-gnu/libharfbuzz.so.0.10000.1
7f173db46000-7f173db5d000 r-xp 00000000 08:01 12059512                   /lib/x86_64-linux-gnu/libresolv-2.23.so
7f173db5d000-7f173dd5d000 ---p 00017000 08:01 12059512                   /lib/x86_64-linux-gnu/libresolv-2.23.so
7f173dd5d000-7f173dd5e000 r--p 00017000 08:01 12059512                   /lib/x86_64-linux-gnu/libresolv-2.23.so
7f173dd5e000-7f173dd5f000 rw-p 00018000 08:01 12059512                   /lib/x86_64-linux-gnu/libresolv-2.23.so
7f173dd5f000-7f173dd61000 rw-p 00000000 00:00 0 
7f173dd61000-7f173dd80000 r-xp 00000000 08:01 12063294                   /lib/x86_64-linux-gnu/libselinux.so.1
7f173dd80000-7f173df7f000 ---p 0001f000 08:01 12063294                   /lib/x86_64-linux-gnu/libselinux.so.1
7f173df7f000-7f173df80000 r--p 0001e000 08:01 12063294                   /lib/x86_64-linux-gnu/libselinux.so.1
7f173df80000-7f173df81000 rw-p 0001f000 08:01 12063294                   /lib/x86_64-linux-gnu/libselinux.so.1
7f173df81000-7f173df83000 rw-p 00000000 00:00 0 
7f173df83000-7f173df8b000 r-xp 00000000 08:01 7873815                    /usr/lib/x86_64-linux-gnu/libxcb-render.so.0.0.0
7f173df8b000-7f173e18b000 ---p 00008000 08:01 7873815                    /usr/lib/x86_64-linux-gnu/libxcb-render.so.0.0.0
7f173e18b000-7f173e18c000 r--p 00008000 08:01 7873815                    /usr/lib/x86_64-linux-gnu/libxcb-render.so.0.0.0
7f173e18c000-7f173e18d000 rw-p 00009000 08:01 7873815                    /usr/lib/x86_64-linux-gnu/libxcb-render.so.0.0.0
7f173e18d000-7f173e18f000 r-xp 00000000 08:01 7873819                    /usr/lib/x86_64-linux-gnu/libxcb-shm.so.0.0.0
7f173e18f000-7f173e38f000 ---p 00002000 08:01 7873819                    /usr/lib/x86_64-linux-gnu/libxcb-shm.so.0.0.0
7f173e38f000-7f173e390000 r--p 00002000 08:01 7873819                    /usr/lib/x86_64-linux-gnu/libxcb-shm.so.0.0.0
7f173e390000-7f173e391000 rw-p 00003000 08:01 7873819                    /usr/lib/x86_64-linux-gnu/libxcb-shm.so.0.0.0
7f173e391000-7f173e430000 r-xp 00000000 08:01 7873412                    /usr/lib/x86_64-linux-gnu/libpixman-1.so.0.33.6
7f173e430000-7f173e630000 ---p 0009f000 08:01 7873412                    /usr/lib/x86_64-linux-gnu/libpixman-1.so.0.33.6
7f173e630000-7f173e638000 r--p 0009f000 08:01 7873412                    /usr/lib/x86_64-linux-gnu/libpixman-1.so.0.33.6
7f173e638000-7f173e639000 rw-p 000a7000 08:01 7873412                    /usr/lib/x86_64-linux-gnu/libpixman-1.so.0.33.6
7f173e639000-7f173e63b000 r-xp 00000000 08:01 7872458                    /usr/lib/x86_64-linux-gnu/libXdamage.so.1.1.0
7f173e63b000-7f173e83a000 ---p 00002000 08:01 7872458                    /usr/lib/x86_64-linux-gnu/libXdamage.so.1.1.0
7f173e83a000-7f173e83b000 r--p 00001000 08:01 7872458                    /usr/lib/x86_64-linux-gnu/libXdamage.so.1.1.0
7f173e83b000-7f173e83c000 rw-p 00002000 08:01 7872458                    /usr/lib/x86_64-linux-gnu/libXdamage.so.1.1.0
7f173e83c000-7f173e83e000 r-xp 00000000 08:01 7872454                    /usr/lib/x86_64-linux-gnu/libXcomposite.so.1.0.0
7f173e83e000-7f173ea3d000 ---p 00002000 08:01 7872454                    /usr/lib/x86_64-linux-gnu/libXcomposite.so.1.0.0
7f173ea3d000-7f173ea3e000 r--p 00001000 08:01 7872454                    /usr/lib/x86_64-linux-gnu/libXcomposite.so.1.0.0
7f173ea3e000-7f173ea3f000 rw-p 00002000 08:01 7872454                    /usr/lib/x86_64-linux-gnu/libXcomposite.so.1.0.0
7f173ea3f000-7f173ea49000 r-xp 00000000 08:01 7872480                    /usr/lib/x86_64-linux-gnu/libXrandr.so.2.2.0
7f173ea49000-7f173ec48000 ---p 0000a000 08:01 7872480                    /usr/lib/x86_64-linux-gnu/libXrandr.so.2.2.0
7f173ec48000-7f173ec49000 r--p 00009000 08:01 7872480                    /usr/lib/x86_64-linux-gnu/libXrandr.so.2.2.0
7f173ec49000-7f173ec4a000 rw-p 0000a000 08:01 7872480                    /usr/lib/x86_64-linux-gnu/libXrandr.so.2.2.0
7f173ec4a000-7f173ec4c000 r-xp 00000000 08:01 7872472                    /usr/lib/x86_64-linux-gnu/libXinerama.so.1.0.0
7f173ec4c000-7f173ee4b000 ---p 00002000 08:01 7872472                    /usr/lib/x86_64-linux-gnu/libXinerama.so.1.0.0
7f173ee4b000-7f173ee4c000 r--p 00001000 08:01 7872472                    /usr/lib/x86_64-linux-gnu/libXinerama.so.1.0.0
7f173ee4c000-7f173ee4d000 rw-p 00002000 08:01 7872472                    /usr/lib/x86_64-linux-gnu/libXinerama.so.1.0.0
7f173ee4d000-7f173ee8a000 r-xp 00000000 08:01 7865220                    /usr/lib/x86_64-linux-gnu/libfontconfig.so.1.9.0
7f173ee8a000-7f173f089000 ---p 0003d000 08:01 7865220                    /usr/lib/x86_64-linux-gnu/libfontconfig.so.1.9.0
7f173f089000-7f173f08b000 r--p 0003c000 08:01 7865220                    /usr/lib/x86_64-linux-gnu/libfontconfig.so.1.9.0
7f173f08b000-7f173f090000 rw-p 0003e000 08:01 7865220                    /usr/lib/x86_64-linux-gnu/libfontconfig.so.1.9.0
7f173f090000-7f173f19f000 r-xp 00000000 08:01 12063249                   /lib/x86_64-linux-gnu/libglib-2.0.so.0.4800.2
7f173f19f000-7f173f39e000 ---p 0010f000 08:01 12063249                   /lib/x86_64-linux-gnu/libglib-2.0.so.0.4800.2
7f173f39e000-7f173f39f000 r--p 0010e000 08:01 12063249                   /lib/x86_64-linux-gnu/libglib-2.0.so.0.4800.2
7f173f39f000-7f173f3a0000 rw-p 0010f000 08:01 12063249                   /lib/x86_64-linux-gnu/libglib-2.0.so.0.4800.2
7f173f3a0000-7f173f3a1000 rw-p 00000000 00:00 0 
7f173f3a1000-7f173f3f3000 r-xp 00000000 08:01 7866717                    /usr/lib/x86_64-linux-gnu/libgobject-2.0.so.0.4800.2
7f173f3f3000-7f173f5f2000 ---p 00052000 08:01 7866717                    /usr/lib/x86_64-linux-gnu/libgobject-2.0.so.0.4800.2
7f173f5f2000-7f173f5f3000 r--p 00051000 08:01 7866717                    /usr/lib/x86_64-linux-gnu/libgobject-2.0.so.0.4800.2
7f173f5f3000-7f173f5f4000 rw-p 00052000 08:01 7866717                    /usr/lib/x86_64-linux-gnu/libgobject-2.0.so.0.4800.2
7f173f5f4000-7f173f63d000 r-xp 00000000 08:01 7873382                    /usr/lib/x86_64-linux-gnu/libpango-1.0.so.0.3800.1
7f173f63d000-7f173f83d000 ---p 00049000 08:01 7873382                    /usr/lib/x86_64-linux-gnu/libpango-1.0.so.0.3800.1
7f173f83d000-7f173f83f000 r--p 00049000 08:01 7873382                    /usr/lib/x86_64-linux-gnu/libpango-1.0.so.0.3800.1
7f173f83f000-7f173f840000 rw-p 0004b000 08:01 7873382                    /usr/lib/x86_64-linux-gnu/libpango-1.0.so.0.3800.1
7f173f840000-7f173f854000 r-xp 00000000 08:01 7873386                    /usr/lib/x86_64-linux-gnu/libpangoft2-1.0.so.0.3800.1
7f173f854000-7f173fa54000 ---p 00014000 08:01 7873386                    /usr/lib/x86_64-linux-gnu/libpangoft2-1.0.so.0.3800.1
7f173fa54000-7f173fa55000 r--p 00014000 08:01 7873386                    /usr/lib/x86_64-linux-gnu/libpangoft2-1.0.so.0.3800.1
7f173fa55000-7f173fa56000 rw-p 00015000 08:01 7873386                    /usr/lib/x86_64-linux-gnu/libpangoft2-1.0.so.0.3800.1
7f173fa56000-7f173fbd6000 r-xp 00000000 08:01 7866725                    /usr/lib/x86_64-linux-gnu/libgio-2.0.so.0.4800.2
7f173fbd6000-7f173fdd6000 ---p 00180000 08:01 7866725                    /usr/lib/x86_64-linux-gnu/libgio-2.0.so.0.4800.2
7f173fdd6000-7f173fdda000 r--p 00180000 08:01 7866725                    /usr/lib/x86_64-linux-gnu/libgio-2.0.so.0.4800.2
7f173fdda000-7f173fddc000 rw-p 00184000 08:01 7866725                    /usr/lib/x86_64-linux-gnu/libgio-2.0.so.0.4800.2
7f173fddc000-7f173fdde000 rw-p 00000000 00:00 0 
7f173fdde000-7f173fdff000 r-xp 00000000 08:01 7865062                    /usr/lib/x86_64-linux-gnu/libgdk_pixbuf-2.0.so.0.3200.2
7f173fdff000-7f173fffe000 ---p 00021000 08:01 7865062                    /usr/lib/x86_64-linux-gnu/libgdk_pixbuf-2.0.so.0.3200.2
7f173fffe000-7f173ffff000 r--p 00020000 08:01 7865062                    /usr/lib/x86_64-linux-gnu/libgdk_pixbuf-2.0.so.0.3200.2
7f173ffff000-7f1740000000 rw-p 00021000 08:01 7865062                    /usr/lib/x86_64-linux-gnu/libgdk_pixbuf-2.0.so.0.3200.2
7f1740000000-7f1740028000 rw-p 00000000 00:00 0 
7f1740028000-7f1744000000 ---p 00000000 00:00 0 
7f1744000000-7f174402c000 rw-p 00000000 00:00 0 
7f174402c000-7f1748000000 ---p 00000000 00:00 0 
7f1748025000-7f1748032000 r--s 00077000 08:01 657236                     /home/tarena/pycharm-2017.1.5/plugins/DatabaseTools/lib/database-openapi.jar
7f174804f000-7f1748052000 ---p 00000000 00:00 0 
7f1748052000-7f1748088000 rw-p 00000000 00:00 0 
7f1748088000-7f17480dc000 r--p 00000000 08:01 8915665                    /usr/share/fonts/truetype/dejavu/DejaVuSansMono.ttf
7f17480dc000-7f1748133000 r--p 00000000 08:01 8915797                    /usr/share/fonts/truetype/ubuntu-font-family/Ubuntu-R.ttf
7f1748133000-7f1748134000 r--s 00000000 08:01 7609686                    /var/cache/fontconfig/087e1975ba9a574b140bb1df193bf770-le64.cache-6
7f1748134000-7f174813f000 r--s 00000000 08:01 7609683                    /var/cache/fontconfig/945677eb7aeaf62f1d50efc3fb3ec7d8-le64.cache-6
7f174813f000-7f1748145000 r--s 00000000 08:01 7609636                    /var/cache/fontconfig/2cd17615ca594fa2959ae173292e504c-le64.cache-6
7f1748145000-7f1748146000 r--s 00000000 08:01 7609396                    /var/cache/fontconfig/0d8c3b2ac0904cb8a57a757ad11a4a08-le64.cache-6
7f1748146000-7f174814a000 r--s 00000000 08:01 7609394                    /var/cache/fontconfig/de156ccd2eddbdc19d37a45b8b2aac9c-le64.cache-6
7f174814a000-7f174815f000 r--s 00000000 08:01 7609393                    /var/cache/fontconfig/04aabc0a78ac019cf9454389977116d2-le64.cache-6
7f174815f000-7f1748160000 r--s 00000000 08:01 7609361                    /var/cache/fontconfig/1ac9eb803944fde146138c791f5cc56a-le64.cache-6
7f1748160000-7f1748164000 r--s 00000000 08:01 7609360                    /var/cache/fontconfig/385c0604a188198f04d133e54aba7fe7-le64.cache-6
7f1748164000-7f1748165000 r--s 00000000 08:01 7609359                    /var/cache/fontconfig/dc05db6664285cc2f12bf69c139ae4c3-le64.cache-6
7f1748165000-7f1748168000 r--s 00000000 08:01 7609357                    /var/cache/fontconfig/767a8244fc0220cfb567a839d0392e0b-le64.cache-6
7f1748168000-7f1748169000 r--s 00000000 08:01 7614777                    /var/cache/fontconfig/4794a0821666d79190d59a36cb4f44b5-le64.cache-6
7f1748169000-7f174816e000 r--s 00000000 08:01 7609355                    /var/cache/fontconfig/8801497958630a81b71ace7c5f9b32a8-le64.cache-6
7f174816e000-7f1748172000 r--s 00000000 08:01 7609293                    /var/cache/fontconfig/c57959a16110560c8d0fcea73374aeeb-le64.cache-6
7f1748172000-7f1748173000 r--s 00000000 08:01 7609291                    /var/cache/fontconfig/bab58bb527bb656aaa9f116d68a48d89-le64.cache-6
7f1748173000-7f174817a000 r--s 00000000 08:01 7609290                    /var/cache/fontconfig/3047814df9a2f067bd2d96a2b9c36e5a-le64.cache-6
7f174817a000-7f1748182000 r--s 00000000 08:01 7609097                    /var/cache/fontconfig/bf3b770c553c462765856025a94f1ce6-le64.cache-6
7f1748182000-7f1748183000 r--s 00000000 08:01 7609096                    /var/cache/fontconfig/56cf4f4769d0f4abc89a4895d7bd3ae1-le64.cache-6
7f1748183000-7f1748184000 r--s 00000000 08:01 7609019                    /var/cache/fontconfig/b9d506c9ac06c20b433354fa67a72993-le64.cache-6
7f1748184000-7f174818a000 r--s 00000000 08:01 7608995                    /var/cache/fontconfig/b47c4e1ecd0709278f4910c18777a504-le64.cache-6
7f174818a000-7f174819d000 r--s 00000000 08:01 7608956                    /var/cache/fontconfig/d52a8644073d54c13679302ca1180695-le64.cache-6
7f174819d000-7f174819e000 r--s 00000000 08:01 7608955                    /var/cache/fontconfig/551ecf3b0e8b0bca0f25c0944f561853-le64.cache-6
7f174819e000-7f174819f000 r--s 00000000 08:01 7608953                    /var/cache/fontconfig/8a687c406b77f27d99abfeeba937fcce-le64.cache-6
7f174819f000-7f17481a3000 r--s 00000000 08:01 7608945                    /var/cache/fontconfig/d589a48862398ed80a3d6066f4f56f4c-le64.cache-6
7f17481a3000-7f17481b0000 r--s 00000000 08:01 7608944                    /var/cache/fontconfig/089dead882dea3570ffc31a9898cfb69-le64.cache-6
7f17481b0000-7f17481bb000 r--s 00000000 08:01 7608702                    /var/cache/fontconfig/83bf95040141907cd45bb53cf7c1c148-le64.cache-6
7f17481bb000-7f17481cd000 r--s 00000000 08:01 7608695                    /var/cache/fontconfig/9b89f8e3dae116d678bbf48e5f21f69b-le64.cache-6
7f17481cd000-7f17481d6000 r--s 00000000 08:01 7608694                    /var/cache/fontconfig/d0972c3d32f097851eb916381fc38920-le64.cache-6
7f17481e5000-7f17481e8000 r--s 00015000 08:01 13370581                   /home/tarena/pycharm-2017.1.5/jre64/lib/jce.jar
7f17481e8000-7f17481ed000 r--s 00098000 08:01 13370584                   /home/tarena/pycharm-2017.1.5/jre64/lib/jsse.jar
7f17481ed000-7f17481ee000 r--p 00000000 00:00 0 
7f17481ee000-7f17482fc000 r-xp 00000000 08:01 7872609                    /usr/lib/x86_64-linux-gnu/libcairo.so.2.11400.6
7f17482fc000-7f17484fc000 ---p 0010e000 08:01 7872609                    /usr/lib/x86_64-linux-gnu/libcairo.so.2.11400.6
7f17484fc000-7f17484ff000 r--p 0010e000 08:01 7872609                    /usr/lib/x86_64-linux-gnu/libcairo.so.2.11400.6
7f17484ff000-7f1748500000 rw-p 00111000 08:01 7872609                    /usr/lib/x86_64-linux-gnu/libcairo.so.2.11400.6
7f1748500000-7f1748502000 rw-p 00000000 00:00 0 
7f1748502000-7f1748524000 r-xp 00000000 08:01 7872553                    /usr/lib/x86_64-linux-gnu/libatk-1.0.so.0.21809.1
7f1748524000-7f1748723000 ---p 00022000 08:01 7872553                    /usr/lib/x86_64-linux-gnu/libatk-1.0.so.0.21809.1
7f1748723000-7f1748726000 r--p 00021000 08:01 7872553                    /usr/lib/x86_64-linux-gnu/libatk-1.0.so.0.21809.1
7f1748726000-7f1748727000 rw-p 00024000 08:01 7872553                    /usr/lib/x86_64-linux-gnu/libatk-1.0.so.0.21809.1
7f1748727000-7f1748733000 r-xp 00000000 08:01 7873384                    /usr/lib/x86_64-linux-gnu/libpangocairo-1.0.so.0.3800.1
7f1748733000-7f1748932000 ---p 0000c000 08:01 7873384                    /usr/lib/x86_64-linux-gnu/libpangocairo-1.0.so.0.3800.1
7f1748932000-7f1748933000 r--p 0000b000 08:01 7873384                    /usr/lib/x86_64-linux-gnu/libpangocairo-1.0.so.0.3800.1
7f1748933000-7f1748934000 rw-p 0000c000 08:01 7873384                    /usr/lib/x86_64-linux-gnu/libpangocairo-1.0.so.0.3800.1
7f1748934000-7f1748937000 r-xp 00000000 08:01 7866721                    /usr/lib/x86_64-linux-gnu/libgmodule-2.0.so.0.4800.2
7f1748937000-7f1748b36000 ---p 00003000 08:01 7866721                    /usr/lib/x86_64-linux-gnu/libgmodule-2.0.so.0.4800.2
7f1748b36000-7f1748b37000 r--p 00002000 08:01 7866721                    /usr/lib/x86_64-linux-gnu/libgmodule-2.0.so.0.4800.2
7f1748b37000-7f1748b38000 rw-p 00003000 08:01 7866721                    /usr/lib/x86_64-linux-gnu/libgmodule-2.0.so.0.4800.2
7f1748b38000-7f1748be8000 r-xp 00000000 08:01 7872920                    /usr/lib/x86_64-linux-gnu/libgdk-x11-2.0.so.0.2400.30
7f1748be8000-7f1748de7000 ---p 000b0000 08:01 7872920                    /usr/lib/x86_64-linux-gnu/libgdk-x11-2.0.so.0.2400.30
7f1748de7000-7f1748deb000 r--p 000af000 08:01 7872920                    /usr/lib/x86_64-linux-gnu/libgdk-x11-2.0.so.0.2400.30
7f1748deb000-7f1748ded000 rw-p 000b3000 08:01 7872920                    /usr/lib/x86_64-linux-gnu/libgdk-x11-2.0.so.0.2400.30
7f1748ded000-7f174922b000 r-xp 00000000 08:01 7873065                    /usr/lib/x86_64-linux-gnu/libgtk-x11-2.0.so.0.2400.30
7f174922b000-7f174942a000 ---p 0043e000 08:01 7873065                    /usr/lib/x86_64-linux-gnu/libgtk-x11-2.0.so.0.2400.30
7f174942a000-7f1749431000 r--p 0043d000 08:01 7873065                    /usr/lib/x86_64-linux-gnu/libgtk-x11-2.0.so.0.2400.30
7f1749431000-7f1749435000 rw-p 00444000 08:01 7873065                    /usr/lib/x86_64-linux-gnu/libgtk-x11-2.0.so.0.2400.30
7f1749435000-7f1749638000 rw-p 00000000 00:00 0 
7f1749638000-7f174963b000 ---p 00000000 00:00 0 
7f174963b000-7f1749739000 rw-p 00000000 00:00 0 
7f1749739000-7f174973e000 r-xp 00000000 08:01 7872464                    /usr/lib/x86_64-linux-gnu/libXfixes.so.3.1.0
7f174973e000-7f174993d000 ---p 00005000 08:01 7872464                    /usr/lib/x86_64-linux-gnu/libXfixes.so.3.1.0
7f174993d000-7f174993e000 r--p 00004000 08:01 7872464                    /usr/lib/x86_64-linux-gnu/libXfixes.so.3.1.0
7f174993e000-7f174993f000 rw-p 00005000 08:01 7872464                    /usr/lib/x86_64-linux-gnu/libXfixes.so.3.1.0
7f174993f000-7f1749948000 r-xp 00000000 08:01 7870559                    /usr/lib/x86_64-linux-gnu/libXcursor.so.1.0.2
7f1749948000-7f1749b47000 ---p 00009000 08:01 7870559                    /usr/lib/x86_64-linux-gnu/libXcursor.so.1.0.2
7f1749b47000-7f1749b48000 r--p 00008000 08:01 7870559                    /usr/lib/x86_64-linux-gnu/libXcursor.so.1.0.2
7f1749b48000-7f1749b49000 rw-p 00009000 08:01 7870559                    /usr/lib/x86_64-linux-gnu/libXcursor.so.1.0.2
7f1749b49000-7f1749b6d000 r-xp 00000000 08:01 12059624                   /lib/x86_64-linux-gnu/libpng12.so.0.54.0
7f1749b6d000-7f1749d6c000 ---p 00024000 08:01 12059624                   /lib/x86_64-linux-gnu/libpng12.so.0.54.0
7f1749d6c000-7f1749d6d000 r--p 00023000 08:01 12059624                   /lib/x86_64-linux-gnu/libpng12.so.0.54.0
7f1749d6d000-7f1749d6e000 rw-p 00024000 08:01 12059624                   /lib/x86_64-linux-gnu/libpng12.so.0.54.0
7f1749d6e000-7f1749d87000 r-xp 00000000 08:01 12058716                   /lib/x86_64-linux-gnu/libz.so.1.2.8
7f1749d87000-7f1749f86000 ---p 00019000 08:01 12058716                   /lib/x86_64-linux-gnu/libz.so.1.2.8
7f1749f86000-7f1749f87000 r--p 00018000 08:01 12058716                   /lib/x86_64-linux-gnu/libz.so.1.2.8
7f1749f87000-7f1749f88000 rw-p 00019000 08:01 12058716                   /lib/x86_64-linux-gnu/libz.so.1.2.8
7f1749f88000-7f1749f9e000 r-xp 00000000 08:01 12063174                   /lib/x86_64-linux-gnu/libgcc_s.so.1
7f1749f9e000-7f174a19d000 ---p 00016000 08:01 12063174                   /lib/x86_64-linux-gnu/libgcc_s.so.1
7f174a19d000-7f174a19e000 rw-p 00015000 08:01 12063174                   /lib/x86_64-linux-gnu/libgcc_s.so.1
7f174a19e000-7f174a242000 r-xp 00000000 08:01 7867440                    /usr/lib/x86_64-linux-gnu/libfreetype.so.6.12.1
7f174a242000-7f174a441000 ---p 000a4000 08:01 7867440                    /usr/lib/x86_64-linux-gnu/libfreetype.so.6.12.1
7f174a441000-7f174a447000 r--p 000a3000 08:01 7867440                    /usr/lib/x86_64-linux-gnu/libfreetype.so.6.12.1
7f174a447000-7f174a448000 rw-p 000a9000 08:01 7867440                    /usr/lib/x86_64-linux-gnu/libfreetype.so.6.12.1
7f174a448000-7f174a524000 r-xp 00000000 08:01 13370530                   /home/tarena/pycharm-2017.1.5/jre64/lib/amd64/libfontmanager.so
7f174a524000-7f174a723000 ---p 000dc000 08:01 13370530                   /home/tarena/pycharm-2017.1.5/jre64/lib/amd64/libfontmanager.so
7f174a723000-7f174a729000 rw-p 000db000 08:01 13370530                   /home/tarena/pycharm-2017.1.5/jre64/lib/amd64/libfontmanager.so
7f174a729000-7f174a93b000 rw-p 00000000 00:00 0 
7f174a93b000-7f174a940000 r-xp 00000000 08:01 7872460                    /usr/lib/x86_64-linux-gnu/libXdmcp.so.6.0.0
7f174a940000-7f174ab3f000 ---p 00005000 08:01 7872460                    /usr/lib/x86_64-linux-gnu/libXdmcp.so.6.0.0
7f174ab3f000-7f174ab40000 r--p 00004000 08:01 7872460                    /usr/lib/x86_64-linux-gnu/libXdmcp.so.6.0.0
7f174ab40000-7f174ab41000 rw-p 00005000 08:01 7872460                    /usr/lib/x86_64-linux-gnu/libXdmcp.so.6.0.0
7f174ab41000-7f174ab43000 r-xp 00000000 08:01 7872449                    /usr/lib/x86_64-linux-gnu/libXau.so.6.0.0
7f174ab43000-7f174ad43000 ---p 00002000 08:01 7872449                    /usr/lib/x86_64-linux-gnu/libXau.so.6.0.0
7f174ad43000-7f174ad44000 r--p 00002000 08:01 7872449                    /usr/lib/x86_64-linux-gnu/libXau.so.6.0.0
7f174ad44000-7f174ad45000 rw-p 00003000 08:01 7872449                    /usr/lib/x86_64-linux-gnu/libXau.so.6.0.0
7f174ad45000-7f174ad66000 r-xp 00000000 08:01 7873829                    /usr/lib/x86_64-linux-gnu/libxcb.so.1.1.0
7f174ad66000-7f174af65000 ---p 00021000 08:01 7873829                    /usr/lib/x86_64-linux-gnu/libxcb.so.1.1.0
7f174af65000-7f174af66000 r--p 00020000 08:01 7873829                    /usr/lib/x86_64-linux-gnu/libxcb.so.1.1.0
7f174af66000-7f174af67000 rw-p 00021000 08:01 7873829                    /usr/lib/x86_64-linux-gnu/libxcb.so.1.1.0
7f174af67000-7f174af76000 r-xp 00000000 08:01 7872470                    /usr/lib/x86_64-linux-gnu/libXi.so.6.1.0
7f174af76000-7f174b175000 ---p 0000f000 08:01 7872470                    /usr/lib/x86_64-linux-gnu/libXi.so.6.1.0
7f174b175000-7f174b176000 r--p 0000e000 08:01 7872470                    /usr/lib/x86_64-linux-gnu/libXi.so.6.1.0
7f174b176000-7f174b177000 rw-p 0000f000 08:01 7872470                    /usr/lib/x86_64-linux-gnu/libXi.so.6.1.0
7f174b177000-7f174b17c000 r-xp 00000000 08:01 7872488                    /usr/lib/x86_64-linux-gnu/libXtst.so.6.1.0
7f174b17c000-7f174b37b000 ---p 00005000 08:01 7872488                    /usr/lib/x86_64-linux-gnu/libXtst.so.6.1.0
7f174b37b000-7f174b37c000 r--p 00004000 08:01 7872488                    /usr/lib/x86_64-linux-gnu/libXtst.so.6.1.0
7f174b37c000-7f174b37d000 rw-p 00005000 08:01 7872488                    /usr/lib/x86_64-linux-gnu/libXtst.so.6.1.0
7f174b37d000-7f174b386000 r-xp 00000000 08:01 7872482                    /usr/lib/x86_64-linux-gnu/libXrender.so.1.3.0
7f174b386000-7f174b585000 ---p 00009000 08:01 7872482                    /usr/lib/x86_64-linux-gnu/libXrender.so.1.3.0
7f174b585000-7f174b586000 r--p 00008000 08:01 7872482                    /usr/lib/x86_64-linux-gnu/libXrender.so.1.3.0
7f174b586000-7f174b587000 rw-p 00009000 08:01 7872482                    /usr/lib/x86_64-linux-gnu/libXrender.so.1.3.0
7f174b587000-7f174b6bc000 r-xp 00000000 08:01 7867390                    /usr/lib/x86_64-linux-gnu/libX11.so.6.3.0
7f174b6bc000-7f174b8bc000 ---p 00135000 08:01 7867390                    /usr/lib/x86_64-linux-gnu/libX11.so.6.3.0
7f174b8bc000-7f174b8bd000 r--p 00135000 08:01 7867390                    /usr/lib/x86_64-linux-gnu/libX11.so.6.3.0
7f174b8bd000-7f174b8c1000 rw-p 00136000 08:01 7867390                    /usr/lib/x86_64-linux-gnu/libX11.so.6.3.0
7f174b8c1000-7f174b8d2000 r-xp 00000000 08:01 7872462                    /usr/lib/x86_64-linux-gnu/libXext.so.6.4.0
7f174b8d2000-7f174bad1000 ---p 00011000 08:01 7872462                    /usr/lib/x86_64-linux-gnu/libXext.so.6.4.0
7f174bad1000-7f174bad2000 r--p 00010000 08:01 7872462                    /usr/lib/x86_64-linux-gnu/libXext.so.6.4.0
7f174bad2000-7f174bad3000 rw-p 00011000 08:01 7872462                    /usr/lib/x86_64-linux-gnu/libXext.so.6.4.0
7f174bad3000-7f174bb29000 r-xp 00000000 08:01 13370527                   /home/tarena/pycharm-2017.1.5/jre64/lib/amd64/libawt_xawt.so
7f174bb29000-7f174bd28000 ---p 00056000 08:01 13370527                   /home/tarena/pycharm-2017.1.5/jre64/lib/amd64/libawt_xawt.so
7f174bd28000-7f174bd2c000 rw-p 00055000 08:01 13370527                   /home/tarena/pycharm-2017.1.5/jre64/lib/amd64/libawt_xawt.so
7f174bd2c000-7f174bd2d000 rw-p 00000000 00:00 0 
7f174bd2d000-7f174bdd0000 r-xp 00000000 08:01 13370525                   /home/tarena/pycharm-2017.1.5/jre64/lib/amd64/libawt.so
7f174bdd0000-7f174bfd0000 ---p 000a3000 08:01 13370525                   /home/tarena/pycharm-2017.1.5/jre64/lib/amd64/libawt.so
7f174bfd0000-7f174bfdc000 rw-p 000a3000 08:01 13370525                   /home/tarena/pycharm-2017.1.5/jre64/lib/amd64/libawt.so
7f174bfdc000-7f174c000000 rw-p 00000000 00:00 0 
7f174c000000-7f174e91a000 rw-p 00000000 00:00 0 
7f174e91a000-7f1750000000 ---p 00000000 00:00 0 
7f1750000000-7f175040b000 rw-p 00000000 00:00 0 
7f175040b000-7f1754000000 ---p 00000000 00:00 0 
7f1754000000-7f1754021000 rw-p 00000000 00:00 0 
7f1754021000-7f1758000000 ---p 00000000 00:00 0 
7f1758000000-7f175b33a000 rw-p 00000000 00:00 0 
7f175b33a000-7f175c000000 ---p 00000000 00:00 0 
7f175c000000-7f175e98e000 rw-p 00000000 00:00 0 
7f175e98e000-7f1760000000 ---p 00000000 00:00 0 
7f1760000000-7f176002c000 rw-p 00000000 00:00 0 
7f176002c000-7f1764000000 ---p 00000000 00:00 0 
7f1764000000-7f1764499000 rw-p 00000000 00:00 0 
7f1764499000-7f1768000000 ---p 00000000 00:00 0 
7f1768000000-7f176803c000 rw-p 00000000 00:00 0 
7f176803c000-7f176c000000 ---p 00000000 00:00 0 
7f176c000000-7f176dae3000 rw-p 00000000 00:00 0 
7f176dae3000-7f1770000000 ---p 00000000 00:00 0 
7f1770000000-7f17700e2000 rw-p 00000000 00:00 0 
7f17700e2000-7f1774000000 ---p 00000000 00:00 0 
7f1774000000-7f1774001000 r--s 00000000 08:01 7608952                    /var/cache/fontconfig/3f7329c5293ffd510edef78f73874cfd-le64.cache-6
7f1774001000-7f1774002000 r--s 00000000 08:01 7608943                    /var/cache/fontconfig/30829fa25452a46451e813d634d7f916-le64.cache-6
7f1774002000-7f1774003000 r--s 00000000 08:01 7608942                    /var/cache/fontconfig/0c9eb80ebd1c36541ebe2852d3bb0c49-le64.cache-6
7f1774003000-7f1774006000 r--s 00000000 08:01 7608713                    /var/cache/fontconfig/75114ca45c98e8a441da0ff356701271-le64.cache-6
7f1774006000-7f1774007000 r--s 00000000 08:01 7608693                    /var/cache/fontconfig/c277e94e32b20404286a1ddafa5a80f0-le64.cache-6
7f1774007000-7f177400a000 r--s 00000000 08:01 7608309                    /var/cache/fontconfig/e13b20fdb08344e0e664864cc2ede53d-le64.cache-6
7f177400a000-7f177400e000 r--s 00000000 08:01 7602287                    /var/cache/fontconfig/7ef2298fde41cc6eeb7af42e48b7d293-le64.cache-6
7f177400e000-7f1774013000 r--p 00000000 08:01 9059346                    /home/tarena/.config/dconf/user (deleted)
7f1774013000-7f1774014000 r--s 00000000 00:29 35                         /run/user/1000/dconf/user (deleted)
7f1774014000-7f177405a000 r--p 00000000 08:01 8916671                    /usr/share/glib-2.0/schemas/gschemas.compiled
7f177405a000-7f1774071000 r--p 00000000 08:01 9449219                    /usr/share/locale-langpack/zh_CN/LC_MESSAGES/glib20.mo
7f1774071000-7f1774096000 r--p 00000000 08:01 9449257                    /usr/share/locale-langpack/zh_CN/LC_MESSAGES/gtk20-properties.mo
7f1774096000-7f17740a4000 r--p 00000000 08:01 9449258                    /usr/share/locale-langpack/zh_CN/LC_MESSAGES/gtk20.mo
7f17740a4000-7f17740b7000 r--s 00344000 08:01 13370592                   /home/tarena/pycharm-2017.1.5/jre64/lib/resources.jar
7f17740b7000-7f17740ba000 ---p 00000000 00:00 0 
7f17740ba000-7f17741b8000 rw-p 00000000 00:00 0 
7f17741b8000-7f17741bd000 r--s 002f9000 08:01 13370571                   /home/tarena/pycharm-2017.1.5/jre64/lib/charsets.jar
7f17741bd000-7f17741c4000 r--s 00000000 08:01 8130042                    /usr/lib/x86_64-linux-gnu/gconv/gconv-modules.cache
7f17741c4000-7f17741e5000 r--p 00000000 08:01 9449306                    /usr/share/locale-langpack/zh_CN/LC_MESSAGES/libc.mo
7f17741e5000-7f1774201000 r--s 00393000 08:01 13634543                   /home/tarena/pycharm-2017.1.5/jre64/lib/ext/cldrdata.jar
7f1774222000-7f1774227000 r--s 0003b000 08:01 13634551                   /home/tarena/pycharm-2017.1.5/jre64/lib/ext/sunjce_provider.jar
7f1774227000-7f1774231000 r--s 00116000 08:01 13634547                   /home/tarena/pycharm-2017.1.5/jre64/lib/ext/localedata.jar
7f1774233000-7f1774234000 r--s 00008000 08:01 13634550                   /home/tarena/pycharm-2017.1.5/jre64/lib/ext/sunec.jar
7f17743da000-7f17743dd000 r--s 00358000 08:01 13767037                   /home/tarena/pycharm-2017.1.5/lib/resources.jar
7f17743df000-7f17743f6000 r--s 01276000 08:01 13767038                   /home/tarena/pycharm-2017.1.5/lib/resources_en.jar
7f17743f6000-7f177440f000 r--s 00135000 08:01 13767056                   /home/tarena/pycharm-2017.1.5/lib/xercesImpl.jar
7f1774452000-7f1774455000 ---p 00000000 00:00 0 
7f1774455000-7f1774553000 rw-p 00000000 00:00 0 
7f1774553000-7f1774591000 r--s 002ad000 08:01 13766990                   /home/tarena/pycharm-2017.1.5/lib/icons.jar
7f1774609000-7f177460c000 ---p 00000000 00:00 0 
7f177460c000-7f1774642000 rw-p 00000000 00:00 0 
7f1774642000-7f1774644000 r--s 00014000 08:01 13766993                   /home/tarena/pycharm-2017.1.5/lib/imageio-tiff-3.2.1.jar
7f17746b3000-7f17749db000 r--s 0670b000 08:01 13767035                   /home/tarena/pycharm-2017.1.5/lib/pycharm.jar
7f17749db000-7f1774a6c000 r--s 013b3000 08:01 13634546                   /home/tarena/pycharm-2017.1.5/jre64/lib/ext/jfxrt.jar
7f1774a6c000-7f1774a6d000 ---p 00000000 00:00 0 
7f1774a6d000-7f1774b6d000 rw-p 00000000 00:00 0 
7f1774b6d000-7f1774b70000 ---p 00000000 00:00 0 
7f1774b70000-7f1774c6e000 rw-p 00000000 00:00 0 
7f1774c6e000-7f1774c71000 ---p 00000000 00:00 0 
7f1774c71000-7f1774d6f000 rw-p 00000000 00:00 0 
7f1774d6f000-7f1774d72000 ---p 00000000 00:00 0 
7f1774d72000-7f1774e70000 rw-p 00000000 00:00 0 
7f1774e70000-7f1774e73000 ---p 00000000 00:00 0 
7f1774e73000-7f1774f71000 rw-p 00000000 00:00 0 
7f1774f71000-7f1774f74000 ---p 00000000 00:00 0 
7f1774f74000-7f1775072000 rw-p 00000000 00:00 0 
7f1775072000-7f17754fd000 r--p 00000000 08:01 7871401                    /usr/lib/locale/locale-archive
7f17754fd000-7f1775500000 ---p 00000000 00:00 0 
7f1775500000-7f17755fe000 rw-p 00000000 00:00 0 
7f17755fe000-7f1775601000 ---p 00000000 00:00 0 
7f1775601000-7f17756ff000 rw-p 00000000 00:00 0 
7f17756ff000-7f1775700000 ---p 00000000 00:00 0 
7f1775700000-7f1778000000 rw-p 00000000 00:00 0 
7f1778000000-7f17780a4000 rw-p 00000000 00:00 0 
7f17780a4000-7f177c000000 ---p 00000000 00:00 0 
7f177c027000-7f177c075000 rw-p 00000000 00:00 0 
7f177c075000-7f177c244000 r--s 03c22000 08:01 13370593                   /home/tarena/pycharm-2017.1.5/jre64/lib/rt.jar
7f177c244000-7f177c2ba000 rw-p 00000000 00:00 0 
7f177c2ba000-7f177c2bb000 ---p 00000000 00:00 0 
7f177c2bb000-7f177cf35000 rw-p 00000000 00:00 0 
7f177cf35000-7f177d000000 ---p 00000000 00:00 0 
7f177d000000-7f177fa70000 rwxp 00000000 00:00 0 
7f177fa70000-7f178c000000 ---p 00000000 00:00 0 
7f178c000000-7f178cbbb000 rw-p 00000000 00:00 0 
7f178cbbb000-7f1790000000 ---p 00000000 00:00 0 
7f179000a000-7f179003c000 r--s 005c0000 08:01 13767052                   /home/tarena/pycharm-2017.1.5/lib/util.jar
7f179003c000-7f1790254000 rw-p 00000000 00:00 0 
7f1790254000-7f1790291000 ---p 00000000 00:00 0 
7f1790291000-7f17902ea000 rw-p 00000000 00:00 0 
7f17902ea000-7f17903b5000 ---p 00000000 00:00 0 
7f17903b5000-7f17903b6000 rw-p 00000000 00:00 0 
7f17903b6000-7f17903b7000 ---p 00000000 00:00 0 
7f17903b7000-7f17904b7000 rw-p 00000000 00:00 0 
7f17904b7000-7f17904b8000 ---p 00000000 00:00 0 
7f17904b8000-7f1790662000 rw-p 00000000 00:00 0 
7f1790662000-7f1790978000 ---p 00000000 00:00 0 
7f1790978000-7f1790992000 r-xp 00000000 08:01 13370569                   /home/tarena/pycharm-2017.1.5/jre64/lib/amd64/libzip.so
7f1790992000-7f1790b91000 ---p 0001a000 08:01 13370569                   /home/tarena/pycharm-2017.1.5/jre64/lib/amd64/libzip.so
7f1790b91000-7f1790b92000 rw-p 00019000 08:01 13370569                   /home/tarena/pycharm-2017.1.5/jre64/lib/amd64/libzip.so
7f1790b92000-7f1790b9d000 r-xp 00000000 08:01 12059521                   /lib/x86_64-linux-gnu/libnss_files-2.23.so
7f1790b9d000-7f1790d9c000 ---p 0000b000 08:01 12059521                   /lib/x86_64-linux-gnu/libnss_files-2.23.so
7f1790d9c000-7f1790d9d000 r--p 0000a000 08:01 12059521                   /lib/x86_64-linux-gnu/libnss_files-2.23.so
7f1790d9d000-7f1790d9e000 rw-p 0000b000 08:01 12059521                   /lib/x86_64-linux-gnu/libnss_files-2.23.so
7f1790d9e000-7f1790da4000 rw-p 00000000 00:00 0 
7f1790da4000-7f1790daf000 r-xp 00000000 08:01 12059528                   /lib/x86_64-linux-gnu/libnss_nis-2.23.so
7f1790daf000-7f1790fae000 ---p 0000b000 08:01 12059528                   /lib/x86_64-linux-gnu/libnss_nis-2.23.so
7f1790fae000-7f1790faf000 r--p 0000a000 08:01 12059528                   /lib/x86_64-linux-gnu/libnss_nis-2.23.so
7f1790faf000-7f1790fb0000 rw-p 0000b000 08:01 12059528                   /lib/x86_64-linux-gnu/libnss_nis-2.23.so
7f1790fb0000-7f1790fc6000 r-xp 00000000 08:01 12059505                   /lib/x86_64-linux-gnu/libnsl-2.23.so
7f1790fc6000-7f17911c5000 ---p 00016000 08:01 12059505                   /lib/x86_64-linux-gnu/libnsl-2.23.so
7f17911c5000-7f17911c6000 r--p 00015000 08:01 12059505                   /lib/x86_64-linux-gnu/libnsl-2.23.so
7f17911c6000-7f17911c7000 rw-p 00016000 08:01 12059505                   /lib/x86_64-linux-gnu/libnsl-2.23.so
7f17911c7000-7f17911c9000 rw-p 00000000 00:00 0 
7f17911c9000-7f17911d1000 r-xp 00000000 08:01 12059516                   /lib/x86_64-linux-gnu/libnss_compat-2.23.so
7f17911d1000-7f17913d0000 ---p 00008000 08:01 12059516                   /lib/x86_64-linux-gnu/libnss_compat-2.23.so
7f17913d0000-7f17913d1000 r--p 00007000 08:01 12059516                   /lib/x86_64-linux-gnu/libnss_compat-2.23.so
7f17913d1000-7f17913d2000 rw-p 00008000 08:01 12059516                   /lib/x86_64-linux-gnu/libnss_compat-2.23.so
7f17913d2000-7f17913fc000 r-xp 00000000 08:01 13370540                   /home/tarena/pycharm-2017.1.5/jre64/lib/amd64/libjava.so
7f17913fc000-7f17915fc000 ---p 0002a000 08:01 13370540                   /home/tarena/pycharm-2017.1.5/jre64/lib/amd64/libjava.so
7f17915fc000-7f17915fe000 rw-p 0002a000 08:01 13370540                   /home/tarena/pycharm-2017.1.5/jre64/lib/amd64/libjava.so
7f17915fe000-7f179160d000 r-xp 00000000 08:01 13370568                   /home/tarena/pycharm-2017.1.5/jre64/lib/amd64/libverify.so
7f179160d000-7f179180c000 ---p 0000f000 08:01 13370568                   /home/tarena/pycharm-2017.1.5/jre64/lib/amd64/libverify.so
7f179180c000-7f179180e000 rw-p 0000e000 08:01 13370568                   /home/tarena/pycharm-2017.1.5/jre64/lib/amd64/libverify.so
7f179180e000-7f1791815000 r-xp 00000000 08:01 12059529                   /lib/x86_64-linux-gnu/librt-2.23.so
7f1791815000-7f1791a14000 ---p 00007000 08:01 12059529                   /lib/x86_64-linux-gnu/librt-2.23.so
7f1791a14000-7f1791a15000 r--p 00006000 08:01 12059529                   /lib/x86_64-linux-gnu/librt-2.23.so
7f1791a15000-7f1791a16000 rw-p 00007000 08:01 12059529                   /lib/x86_64-linux-gnu/librt-2.23.so
7f1791a16000-7f1791b1e000 r-xp 00000000 08:01 12059502                   /lib/x86_64-linux-gnu/libm-2.23.so
7f1791b1e000-7f1791d1d000 ---p 00108000 08:01 12059502                   /lib/x86_64-linux-gnu/libm-2.23.so
7f1791d1d000-7f1791d1e000 r--p 00107000 08:01 12059502                   /lib/x86_64-linux-gnu/libm-2.23.so
7f1791d1e000-7f1791d1f000 rw-p 00108000 08:01 12059502                   /lib/x86_64-linux-gnu/libm-2.23.so
7f1791d1f000-7f1792955000 r-xp 00000000 08:01 13502072                   /home/tarena/pycharm-2017.1.5/jre64/lib/amd64/server/libjvm.so
7f1792955000-7f1792b54000 ---p 00c36000 08:01 13502072                   /home/tarena/pycharm-2017.1.5/jre64/lib/amd64/server/libjvm.so
7f1792b54000-7f1792c23000 rw-p 00c35000 08:01 13502072                   /home/tarena/pycharm-2017.1.5/jre64/lib/amd64/server/libjvm.so
7f1792c23000-7f1792c65000 rw-p 00000000 00:00 0 
7f1792c65000-7f1792e25000 r-xp 00000000 08:01 12059508                   /lib/x86_64-linux-gnu/libc-2.23.so
7f1792e25000-7f1793025000 ---p 001c0000 08:01 12059508                   /lib/x86_64-linux-gnu/libc-2.23.so
7f1793025000-7f1793029000 r--p 001c0000 08:01 12059508                   /lib/x86_64-linux-gnu/libc-2.23.so
7f1793029000-7f179302b000 rw-p 001c4000 08:01 12059508                   /lib/x86_64-linux-gnu/libc-2.23.so
7f179302b000-7f179302f000 rw-p 00000000 00:00 0 
7f179302f000-7f1793032000 r-xp 00000000 08:01 12059510                   /lib/x86_64-linux-gnu/libdl-2.23.so
7f1793032000-7f1793231000 ---p 00003000 08:01 12059510                   /lib/x86_64-linux-gnu/libdl-2.23.so
7f1793231000-7f1793232000 r--p 00002000 08:01 12059510                   /lib/x86_64-linux-gnu/libdl-2.23.so
7f1793232000-7f1793233000 rw-p 00003000 08:01 12059510                   /lib/x86_64-linux-gnu/libdl-2.23.so
7f1793233000-7f1793248000 r-xp 00000000 08:01 13502068                   /home/tarena/pycharm-2017.1.5/jre64/lib/amd64/jli/libjli.so
7f1793248000-7f1793448000 ---p 00015000 08:01 13502068                   /home/tarena/pycharm-2017.1.5/jre64/lib/amd64/jli/libjli.so
7f1793448000-7f1793449000 rw-p 00015000 08:01 13502068                   /home/tarena/pycharm-2017.1.5/jre64/lib/amd64/jli/libjli.so
7f1793449000-7f1793461000 r-xp 00000000 08:01 12059507                   /lib/x86_64-linux-gnu/libpthread-2.23.so
7f1793461000-7f1793660000 ---p 00018000 08:01 12059507                   /lib/x86_64-linux-gnu/libpthread-2.23.so
7f1793660000-7f1793661000 r--p 00017000 08:01 12059507                   /lib/x86_64-linux-gnu/libpthread-2.23.so
7f1793661000-7f1793662000 rw-p 00018000 08:01 12059507                   /lib/x86_64-linux-gnu/libpthread-2.23.so
7f1793662000-7f1793666000 rw-p 00000000 00:00 0 
7f1793666000-7f179368c000 r-xp 00000000 08:01 12059506                   /lib/x86_64-linux-gnu/ld-2.23.so
7f179368f000-7f179369a000 r--s 00084000 08:01 13767051                   /home/tarena/pycharm-2017.1.5/lib/trove4j.jar
7f179369a000-7f17936a3000 r--s 0006f000 08:01 13767019                   /home/tarena/pycharm-2017.1.5/lib/log4j.jar
7f17936a3000-7f179376c000 rw-p 00000000 00:00 0 
7f179376c000-7f179376f000 ---p 00000000 00:00 0 
7f179376f000-7f1793871000 rw-p 00000000 00:00 0 
7f1793875000-7f1793879000 r--s 00112000 08:01 13767005                   /home/tarena/pycharm-2017.1.5/lib/jna.jar
7f1793879000-7f179387c000 r--s 00024000 08:01 13766998                   /home/tarena/pycharm-2017.1.5/lib/jdom.jar
7f179387c000-7f179387e000 r--s 0002a000 08:01 13766981                   /home/tarena/pycharm-2017.1.5/lib/extensions.jar
7f179387e000-7f179387f000 r--s 00009000 08:01 13766966                   /home/tarena/pycharm-2017.1.5/lib/bootstrap.jar
7f179387f000-7f1793880000 r--s 00004000 08:01 13766965                   /home/tarena/pycharm-2017.1.5/lib/boot.jar
7f1793880000-7f1793888000 rw-s 00000000 08:01 524835                     /tmp/hsperfdata_tarena/8129
7f1793888000-7f1793889000 rw-p 00000000 00:00 0 
7f1793889000-7f179388a000 r--p 00000000 00:00 0 
7f179388a000-7f179388b000 rw-p 00000000 00:00 0 
7f179388b000-7f179388c000 r--p 00025000 08:01 12059506                   /lib/x86_64-linux-gnu/ld-2.23.so
7f179388c000-7f179388d000 rw-p 00026000 08:01 12059506                   /lib/x86_64-linux-gnu/ld-2.23.so
7f179388d000-7f179388e000 rw-p 00000000 00:00 0 
7ffe75649000-7ffe7566a000 rw-p 00000000 00:00 0                          [stack]
7ffe7568b000-7ffe7568d000 r--p 00000000 00:00 0                          [vvar]
7ffe7568d000-7ffe7568f000 r-xp 00000000 00:00 0                          [vdso]
ffffffffff600000-ffffffffff601000 r-xp 00000000 00:00 0                  [vsyscall]

VM Arguments:
jvm_args: -Xbootclasspath/a:/home/tarena/pycharm-2017.1.5/lib/boot.jar -Xms128m -Xmx750m -XX:ReservedCodeCacheSize=240m -XX:+UseConcMarkSweepGC -XX:SoftRefLRUPolicyMSPerMB=50 -ea -Dsun.io.useCanonCaches=false -Djava.net.preferIPv4Stack=true -XX:+HeapDumpOnOutOfMemoryError -XX:-OmitStackTraceInFastThrow -Dawt.useSystemAAFontSettings=lcd -Dsun.java2d.renderer=sun.java2d.marlin.MarlinRenderingEngine -XX:ErrorFile=/home/tarena/java_error_in_PYCHARM_%p.log -XX:HeapDumpPath=/home/tarena/java_error_in_PYCHARM.hprof -Didea.paths.selector=PyCharm2017.1 -Djb.vmOptionsFile=/home/tarena/pycharm-2017.1.5/bin/pycharm64.vmoptions -Didea.platform.prefix=Python 
java_command: com.intellij.idea.Main
java_class_path (initial): /home/tarena/pycharm-2017.1.5/lib/bootstrap.jar:/home/tarena/pycharm-2017.1.5/lib/extensions.jar:/home/tarena/pycharm-2017.1.5/lib/util.jar:/home/tarena/pycharm-2017.1.5/lib/jdom.jar:/home/tarena/pycharm-2017.1.5/lib/log4j.jar:/home/tarena/pycharm-2017.1.5/lib/trove4j.jar:/home/tarena/pycharm-2017.1.5/lib/jna.jar
Launcher Type: SUN_STANDARD

Environment Variables:
PATH=/usr/local/sbin:/usr/local/bin:/usr/sbin:/usr/bin:/sbin:/bin:/usr/games:/usr/local/games:/snap/bin
LD_LIBRARY_PATH=/home/tarena/pycharm-2017.1.5/bin:
SHELL=/bin/bash
DISPLAY=:0

Signal Handlers:
SIGSEGV: [libjvm.so+0xa32fd0], sa_mask[0]=11111111011111111101111111111110, sa_flags=SA_RESTART|SA_SIGINFO
SIGBUS: [libjvm.so+0xa32fd0], sa_mask[0]=11111111011111111101111111111110, sa_flags=SA_RESTART|SA_SIGINFO
SIGFPE: [libjvm.so+0x89ec10], sa_mask[0]=11111111011111111101111111111110, sa_flags=SA_RESTART|SA_SIGINFO
SIGPIPE: SIG_IGN, sa_mask[0]=00000000000010000000000000000000, sa_flags=SA_RESTART
SIGXFSZ: [libjvm.so+0x89ec10], sa_mask[0]=11111111011111111101111111111110, sa_flags=SA_RESTART|SA_SIGINFO
SIGILL: [libjvm.so+0x89ec10], sa_mask[0]=11111111011111111101111111111110, sa_flags=SA_RESTART|SA_SIGINFO
SIGUSR1: SIG_DFL, sa_mask[0]=00000000000000000000000000000000, sa_flags=none
SIGUSR2: [libjvm.so+0x8a02d0], sa_mask[0]=00000000000000000000000000000000, sa_flags=SA_RESTART|SA_SIGINFO
SIGHUP: [libjvm.so+0x8a19c0], sa_mask[0]=11111111011111111101111111111110, sa_flags=SA_RESTART|SA_SIGINFO
SIGINT: [libjvm.so+0x8a19c0], sa_mask[0]=11111111011111111101111111111110, sa_flags=SA_RESTART|SA_SIGINFO
SIGTERM: [libjvm.so+0x8a19c0], sa_mask[0]=11111111011111111101111111111110, sa_flags=SA_RESTART|SA_SIGINFO
SIGQUIT: [libjvm.so+0x8a19c0], sa_mask[0]=11111111011111111101111111111110, sa_flags=SA_RESTART|SA_SIGINFO


---------------  S Y S T E M  ---------------

OS:DISTRIB_ID=Ubuntu
DISTRIB_RELEASE=16.04
DISTRIB_CODENAME=xenial
DISTRIB_DESCRIPTION="Ubuntu 16.04 LTS"

uname:Linux 4.4.0-96-generic #119-Ubuntu SMP Tue Sep 12 14:59:54 UTC 2017 x86_64
libc:glibc 2.23 NPTL 2.23 
rlimit: STACK 8192k, CORE 0k, NPROC 15576, NOFILE 1048576, AS infinity
load average:5.08 1.30 0.76

/proc/meminfo:
MemTotal:        4028200 kB
MemFree:         2122592 kB
MemAvailable:    2680208 kB
Buffers:          100216 kB
Cached:           621896 kB
SwapCached:         5936 kB
Active:          1206556 kB
Inactive:         351148 kB
Active(anon):     727724 kB
Inactive(anon):   111124 kB
Active(file):     478832 kB
Inactive(file):   240024 kB
Unevictable:          32 kB
Mlocked:              32 kB
SwapTotal:       1045500 kB
SwapFree:         954488 kB
Dirty:               288 kB
Writeback:             0 kB
AnonPages:        831708 kB
Mapped:            66288 kB
Shmem:              2912 kB
Slab:             143144 kB
SReclaimable:      87700 kB
SUnreclaim:        55444 kB
KernelStack:        8288 kB
PageTables:        13560 kB
NFS_Unstable:          0 kB
Bounce:                0 kB
WritebackTmp:          0 kB
CommitLimit:     3059600 kB
Committed_AS:    1813888 kB
VmallocTotal:   34359738367 kB
VmallocUsed:           0 kB
VmallocChunk:          0 kB
HardwareCorrupted:     0 kB
AnonHugePages:    647168 kB
CmaTotal:              0 kB
CmaFree:               0 kB
HugePages_Total:       0
HugePages_Free:        0
HugePages_Rsvd:        0
HugePages_Surp:        0
Hugepagesize:       2048 kB
DirectMap4k:      175936 kB
DirectMap2M:     4018176 kB


CPU:total 2 (1 cores per cpu, 1 threads per core) family 6 model 58 stepping 9, cmov, cx8, fxsr, mmx, sse, sse2, sse3, ssse3, sse4.1, sse4.2, popcnt, avx, aes, clmul, erms, tsc, tscinvbit, tscinv

/proc/cpuinfo:
processor	: 0
vendor_id	: GenuineIntel
cpu family	: 6
model		: 58
model name	: Intel(R) Core(TM) i5-3337U CPU @ 1.80GHz
stepping	: 9
microcode	: 0x1b
cpu MHz		: 1795.979
cache size	: 3072 KB
physical id	: 0
siblings	: 1
core id		: 0
cpu cores	: 1
apicid		: 0
initial apicid	: 0
fpu		: yes
fpu_exception	: yes
cpuid level	: 13
wp		: yes
flags		: fpu vme de pse tsc msr pae mce cx8 apic sep mtrr pge mca cmov pat pse36 clflush dts mmx fxsr sse sse2 ss syscall nx rdtscp lm constant_tsc arch_perfmon pebs bts nopl xtopology tsc_reliable nonstop_tsc aperfmperf pni pclmulqdq ssse3 cx16 pcid sse4_1 sse4_2 x2apic popcnt tsc_deadline_timer aes xsave avx f16c rdrand hypervisor lahf_lm epb fsgsbase tsc_adjust smep dtherm ida arat pln pts
bugs		:
bogomips	: 3591.95
clflush size	: 64
cache_alignment	: 64
address sizes	: 42 bits physical, 48 bits virtual
power management:

processor	: 1
vendor_id	: GenuineIntel
cpu family	: 6
model		: 58
model name	: Intel(R) Core(TM) i5-3337U CPU @ 1.80GHz
stepping	: 9
microcode	: 0x1b
cpu MHz		: 1795.979
cache size	: 3072 KB
physical id	: 2
siblings	: 1
core id		: 0
cpu cores	: 1
apicid		: 2
initial apicid	: 2
fpu		: yes
fpu_exception	: yes
cpuid level	: 13
wp		: yes
flags		: fpu vme de pse tsc msr pae mce cx8 apic sep mtrr pge mca cmov pat pse36 clflush dts mmx fxsr sse sse2 ss syscall nx rdtscp lm constant_tsc arch_perfmon pebs bts nopl xtopology tsc_reliable nonstop_tsc aperfmperf pni pclmulqdq ssse3 cx16 pcid sse4_1 sse4_2 x2apic popcnt tsc_deadline_timer aes xsave avx f16c rdrand hypervisor lahf_lm epb fsgsbase tsc_adjust smep dtherm ida arat pln pts
bugs		:
bogomips	: 3591.95
clflush size	: 64
cache_alignment	: 64
address sizes	: 42 bits physical, 48 bits virtual
power management:



Memory: 4k page, physical 4028200k(2122592k free), swap 1045500k(954488k free)

vm_info: OpenJDK 64-Bit Server VM (25.112-b21) for linux-amd64 JRE (1.8.0_112-release-736-b21), built on Apr 21 2017 11:20:46 by "root" with gcc 4.4.7 20120313 (Red Hat 4.4.7-16)

time: Tue Aug 20 01:59:30 2019
elapsed time: 2236 seconds (0d 0h 37m 16s)

